[0.005s] Invoking command in '/home/kaiw/Turtlebot3_Sim/turtlebot3_ws/build/turtlebot3_bringup': AMENT_PREFIX_PATH=/home/kaiw/Turtlebot3_Sim/turtlebot3_ws/install/turtlebot3_node:/home/kaiw/Turtlebot3_Sim/turtlebot3_ws/install/turtlebot3_msgs:/home/kaiw/Turtlebot3_Sim/turtlebot3_ws/install/turtlebot3_description:/home/kaiw/Turtlebot3_Sim/turtlebot3_ws/install/dynamixel_sdk:${AMENT_PREFIX_PATH} CMAKE_PREFIX_PATH=/home/kaiw/Turtlebot3_Sim/turtlebot3_ws/install/turtlebot3_node:/home/kaiw/Turtlebot3_Sim/turtlebot3_ws/install/turtlebot3_msgs:/home/kaiw/Turtlebot3_Sim/turtlebot3_ws/install/turtlebot3_description:/home/kaiw/Turtlebot3_Sim/turtlebot3_ws/install/dynamixel_sdk:/opt/ros/humble LD_LIBRARY_PATH=/home/kaiw/Turtlebot3_Sim/turtlebot3_ws/install/turtlebot3_msgs/lib:/home/kaiw/Turtlebot3_Sim/turtlebot3_ws/install/dynamixel_sdk/lib:${LD_LIBRARY_PATH} PYTHONPATH=/home/kaiw/Turtlebot3_Sim/turtlebot3_ws/install/turtlebot3_msgs/local/lib/python3.10/dist-packages:${PYTHONPATH} /usr/bin/cmake /home/kaiw/Turtlebot3_Sim/turtlebot3_ws/src/turtlebot3/turtlebot3_bringup -DCMAKE_INSTALL_PREFIX=/home/kaiw/Turtlebot3_Sim/turtlebot3_ws/install/turtlebot3_bringup
[0.028s] -- The C compiler identification is GNU 11.4.0
[0.052s] -- The CXX compiler identification is GNU 11.4.0
[0.055s] -- Detecting C compiler ABI info
[0.087s] -- Detecting C compiler ABI info - done
[0.091s] -- Check for working C compiler: /usr/bin/cc - skipped
[0.091s] -- Detecting C compile features
[0.091s] -- Detecting C compile features - done
[0.092s] -- Detecting CXX compiler ABI info
[0.129s] -- Detecting CXX compiler ABI info - done
[0.133s] -- Check for working CXX compiler: /usr/bin/c++ - skipped
[0.133s] -- Detecting CXX compile features
[0.133s] -- Detecting CXX compile features - done
[0.134s] -- Found ament_cmake: 1.3.5 (/opt/ros/humble/share/ament_cmake/cmake)
[0.209s] -- Found Python3: /usr/bin/python3.10 (found version "3.10.12") found components: Interpreter 
[0.276s] -- Configuring done
[0.278s] -- Generating done
[0.278s] -- Build files have been written to: /home/kaiw/Turtlebot3_Sim/turtlebot3_ws/build/turtlebot3_bringup
[0.280s] Invoked command in '/home/kaiw/Turtlebot3_Sim/turtlebot3_ws/build/turtlebot3_bringup' returned '0': AMENT_PREFIX_PATH=/home/kaiw/Turtlebot3_Sim/turtlebot3_ws/install/turtlebot3_node:/home/kaiw/Turtlebot3_Sim/turtlebot3_ws/install/turtlebot3_msgs:/home/kaiw/Turtlebot3_Sim/turtlebot3_ws/install/turtlebot3_description:/home/kaiw/Turtlebot3_Sim/turtlebot3_ws/install/dynamixel_sdk:${AMENT_PREFIX_PATH} CMAKE_PREFIX_PATH=/home/kaiw/Turtlebot3_Sim/turtlebot3_ws/install/turtlebot3_node:/home/kaiw/Turtlebot3_Sim/turtlebot3_ws/install/turtlebot3_msgs:/home/kaiw/Turtlebot3_Sim/turtlebot3_ws/install/turtlebot3_description:/home/kaiw/Turtlebot3_Sim/turtlebot3_ws/install/dynamixel_sdk:/opt/ros/humble LD_LIBRARY_PATH=/home/kaiw/Turtlebot3_Sim/turtlebot3_ws/install/turtlebot3_msgs/lib:/home/kaiw/Turtlebot3_Sim/turtlebot3_ws/install/dynamixel_sdk/lib:${LD_LIBRARY_PATH} PYTHONPATH=/home/kaiw/Turtlebot3_Sim/turtlebot3_ws/install/turtlebot3_msgs/local/lib/python3.10/dist-packages:${PYTHONPATH} /usr/bin/cmake /home/kaiw/Turtlebot3_Sim/turtlebot3_ws/src/turtlebot3/turtlebot3_bringup -DCMAKE_INSTALL_PREFIX=/home/kaiw/Turtlebot3_Sim/turtlebot3_ws/install/turtlebot3_bringup
[0.282s] Invoking command in '/home/kaiw/Turtlebot3_Sim/turtlebot3_ws/build/turtlebot3_bringup': AMENT_PREFIX_PATH=/home/kaiw/Turtlebot3_Sim/turtlebot3_ws/install/turtlebot3_node:/home/kaiw/Turtlebot3_Sim/turtlebot3_ws/install/turtlebot3_msgs:/home/kaiw/Turtlebot3_Sim/turtlebot3_ws/install/turtlebot3_description:/home/kaiw/Turtlebot3_Sim/turtlebot3_ws/install/dynamixel_sdk:${AMENT_PREFIX_PATH} CMAKE_PREFIX_PATH=/home/kaiw/Turtlebot3_Sim/turtlebot3_ws/install/turtlebot3_node:/home/kaiw/Turtlebot3_Sim/turtlebot3_ws/install/turtlebot3_msgs:/home/kaiw/Turtlebot3_Sim/turtlebot3_ws/install/turtlebot3_description:/home/kaiw/Turtlebot3_Sim/turtlebot3_ws/install/dynamixel_sdk:/opt/ros/humble LD_LIBRARY_PATH=/home/kaiw/Turtlebot3_Sim/turtlebot3_ws/install/turtlebot3_msgs/lib:/home/kaiw/Turtlebot3_Sim/turtlebot3_ws/install/dynamixel_sdk/lib:${LD_LIBRARY_PATH} PYTHONPATH=/home/kaiw/Turtlebot3_Sim/turtlebot3_ws/install/turtlebot3_msgs/local/lib/python3.10/dist-packages:${PYTHONPATH} /usr/bin/cmake --build /home/kaiw/Turtlebot3_Sim/turtlebot3_ws/build/turtlebot3_bringup -- -j32 -l32
[0.297s] Invoked command in '/home/kaiw/Turtlebot3_Sim/turtlebot3_ws/build/turtlebot3_bringup' returned '0': AMENT_PREFIX_PATH=/home/kaiw/Turtlebot3_Sim/turtlebot3_ws/install/turtlebot3_node:/home/kaiw/Turtlebot3_Sim/turtlebot3_ws/install/turtlebot3_msgs:/home/kaiw/Turtlebot3_Sim/turtlebot3_ws/install/turtlebot3_description:/home/kaiw/Turtlebot3_Sim/turtlebot3_ws/install/dynamixel_sdk:${AMENT_PREFIX_PATH} CMAKE_PREFIX_PATH=/home/kaiw/Turtlebot3_Sim/turtlebot3_ws/install/turtlebot3_node:/home/kaiw/Turtlebot3_Sim/turtlebot3_ws/install/turtlebot3_msgs:/home/kaiw/Turtlebot3_Sim/turtlebot3_ws/install/turtlebot3_description:/home/kaiw/Turtlebot3_Sim/turtlebot3_ws/install/dynamixel_sdk:/opt/ros/humble LD_LIBRARY_PATH=/home/kaiw/Turtlebot3_Sim/turtlebot3_ws/install/turtlebot3_msgs/lib:/home/kaiw/Turtlebot3_Sim/turtlebot3_ws/install/dynamixel_sdk/lib:${LD_LIBRARY_PATH} PYTHONPATH=/home/kaiw/Turtlebot3_Sim/turtlebot3_ws/install/turtlebot3_msgs/local/lib/python3.10/dist-packages:${PYTHONPATH} /usr/bin/cmake --build /home/kaiw/Turtlebot3_Sim/turtlebot3_ws/build/turtlebot3_bringup -- -j32 -l32
[0.307s] Invoking command in '/home/kaiw/Turtlebot3_Sim/turtlebot3_ws/build/turtlebot3_bringup': AMENT_PREFIX_PATH=/home/kaiw/Turtlebot3_Sim/turtlebot3_ws/install/turtlebot3_node:/home/kaiw/Turtlebot3_Sim/turtlebot3_ws/install/turtlebot3_msgs:/home/kaiw/Turtlebot3_Sim/turtlebot3_ws/install/turtlebot3_description:/home/kaiw/Turtlebot3_Sim/turtlebot3_ws/install/dynamixel_sdk:${AMENT_PREFIX_PATH} CMAKE_PREFIX_PATH=/home/kaiw/Turtlebot3_Sim/turtlebot3_ws/install/turtlebot3_node:/home/kaiw/Turtlebot3_Sim/turtlebot3_ws/install/turtlebot3_msgs:/home/kaiw/Turtlebot3_Sim/turtlebot3_ws/install/turtlebot3_description:/home/kaiw/Turtlebot3_Sim/turtlebot3_ws/install/dynamixel_sdk:/opt/ros/humble LD_LIBRARY_PATH=/home/kaiw/Turtlebot3_Sim/turtlebot3_ws/install/turtlebot3_msgs/lib:/home/kaiw/Turtlebot3_Sim/turtlebot3_ws/install/dynamixel_sdk/lib:${LD_LIBRARY_PATH} PYTHONPATH=/home/kaiw/Turtlebot3_Sim/turtlebot3_ws/install/turtlebot3_msgs/local/lib/python3.10/dist-packages:${PYTHONPATH} /usr/bin/cmake --install /home/kaiw/Turtlebot3_Sim/turtlebot3_ws/build/turtlebot3_bringup
[0.310s] -- Install configuration: ""
[0.310s] -- Installing: /home/kaiw/Turtlebot3_Sim/turtlebot3_ws/install/turtlebot3_bringup/share/turtlebot3_bringup/launch
[0.310s] -- Installing: /home/kaiw/Turtlebot3_Sim/turtlebot3_ws/install/turtlebot3_bringup/share/turtlebot3_bringup/launch/turtlebot3_state_publisher.launch.py
[0.310s] -- Installing: /home/kaiw/Turtlebot3_Sim/turtlebot3_ws/install/turtlebot3_bringup/share/turtlebot3_bringup/launch/rviz2.launch.py
[0.311s] -- Installing: /home/kaiw/Turtlebot3_Sim/turtlebot3_ws/install/turtlebot3_bringup/share/turtlebot3_bringup/launch/robot.launch.py
[0.311s] -- Installing: /home/kaiw/Turtlebot3_Sim/turtlebot3_ws/install/turtlebot3_bringup/share/turtlebot3_bringup/param
[0.311s] -- Installing: /home/kaiw/Turtlebot3_Sim/turtlebot3_ws/install/turtlebot3_bringup/share/turtlebot3_bringup/param/waffle_pi.yaml
[0.311s] -- Installing: /home/kaiw/Turtlebot3_Sim/turtlebot3_ws/install/turtlebot3_bringup/share/turtlebot3_bringup/param/waffle.yaml
[0.311s] -- Installing: /home/kaiw/Turtlebot3_Sim/turtlebot3_ws/install/turtlebot3_bringup/share/turtlebot3_bringup/param/burger.yaml
[0.311s] -- Installing: /home/kaiw/Turtlebot3_Sim/turtlebot3_ws/install/turtlebot3_bringup/share/turtlebot3_bringup/script
[0.311s] -- Installing: /home/kaiw/Turtlebot3_Sim/turtlebot3_ws/install/turtlebot3_bringup/share/turtlebot3_bringup/script/99-turtlebot3-cdc.rules
[0.311s] -- Installing: /home/kaiw/Turtlebot3_Sim/turtlebot3_ws/install/turtlebot3_bringup/share/turtlebot3_bringup/script/create_udev_rules
[0.311s] -- Installing: /home/kaiw/Turtlebot3_Sim/turtlebot3_ws/install/turtlebot3_bringup/share/ament_index/resource_index/package_run_dependencies/turtlebot3_bringup
[0.311s] -- Installing: /home/kaiw/Turtlebot3_Sim/turtlebot3_ws/install/turtlebot3_bringup/share/ament_index/resource_index/parent_prefix_path/turtlebot3_bringup
[0.311s] -- Installing: /home/kaiw/Turtlebot3_Sim/turtlebot3_ws/install/turtlebot3_bringup/share/turtlebot3_bringup/environment/ament_prefix_path.sh
[0.311s] -- Installing: /home/kaiw/Turtlebot3_Sim/turtlebot3_ws/install/turtlebot3_bringup/share/turtlebot3_bringup/environment/ament_prefix_path.dsv
[0.311s] -- Installing: /home/kaiw/Turtlebot3_Sim/turtlebot3_ws/install/turtlebot3_bringup/share/turtlebot3_bringup/environment/path.sh
[0.311s] -- Installing: /home/kaiw/Turtlebot3_Sim/turtlebot3_ws/install/turtlebot3_bringup/share/turtlebot3_bringup/environment/path.dsv
[0.312s] -- Installing: /home/kaiw/Turtlebot3_Sim/turtlebot3_ws/install/turtlebot3_bringup/share/turtlebot3_bringup/local_setup.bash
[0.312s] -- Installing: /home/kaiw/Turtlebot3_Sim/turtlebot3_ws/install/turtlebot3_bringup/share/turtlebot3_bringup/local_setup.sh
[0.312s] -- Installing: /home/kaiw/Turtlebot3_Sim/turtlebot3_ws/install/turtlebot3_bringup/share/turtlebot3_bringup/local_setup.zsh
[0.312s] -- Installing: /home/kaiw/Turtlebot3_Sim/turtlebot3_ws/install/turtlebot3_bringup/share/turtlebot3_bringup/local_setup.dsv
[0.312s] -- Installing: /home/kaiw/Turtlebot3_Sim/turtlebot3_ws/install/turtlebot3_bringup/share/turtlebot3_bringup/package.dsv
[0.312s] -- Installing: /home/kaiw/Turtlebot3_Sim/turtlebot3_ws/install/turtlebot3_bringup/share/ament_index/resource_index/packages/turtlebot3_bringup
[0.312s] -- Installing: /home/kaiw/Turtlebot3_Sim/turtlebot3_ws/install/turtlebot3_bringup/share/turtlebot3_bringup/cmake/turtlebot3_bringupConfig.cmake
[0.312s] -- Installing: /home/kaiw/Turtlebot3_Sim/turtlebot3_ws/install/turtlebot3_bringup/share/turtlebot3_bringup/cmake/turtlebot3_bringupConfig-version.cmake
[0.312s] -- Installing: /home/kaiw/Turtlebot3_Sim/turtlebot3_ws/install/turtlebot3_bringup/share/turtlebot3_bringup/package.xml
[0.315s] Invoked command in '/home/kaiw/Turtlebot3_Sim/turtlebot3_ws/build/turtlebot3_bringup' returned '0': AMENT_PREFIX_PATH=/home/kaiw/Turtlebot3_Sim/turtlebot3_ws/install/turtlebot3_node:/home/kaiw/Turtlebot3_Sim/turtlebot3_ws/install/turtlebot3_msgs:/home/kaiw/Turtlebot3_Sim/turtlebot3_ws/install/turtlebot3_description:/home/kaiw/Turtlebot3_Sim/turtlebot3_ws/install/dynamixel_sdk:${AMENT_PREFIX_PATH} CMAKE_PREFIX_PATH=/home/kaiw/Turtlebot3_Sim/turtlebot3_ws/install/turtlebot3_node:/home/kaiw/Turtlebot3_Sim/turtlebot3_ws/install/turtlebot3_msgs:/home/kaiw/Turtlebot3_Sim/turtlebot3_ws/install/turtlebot3_description:/home/kaiw/Turtlebot3_Sim/turtlebot3_ws/install/dynamixel_sdk:/opt/ros/humble LD_LIBRARY_PATH=/home/kaiw/Turtlebot3_Sim/turtlebot3_ws/install/turtlebot3_msgs/lib:/home/kaiw/Turtlebot3_Sim/turtlebot3_ws/install/dynamixel_sdk/lib:${LD_LIBRARY_PATH} PYTHONPATH=/home/kaiw/Turtlebot3_Sim/turtlebot3_ws/install/turtlebot3_msgs/local/lib/python3.10/dist-packages:${PYTHONPATH} /usr/bin/cmake --install /home/kaiw/Turtlebot3_Sim/turtlebot3_ws/build/turtlebot3_bringup
