[0.274s] Invoking command in '/home/kaiw/Turtlebot3_Sim/turtlebot3_ws/src/turtlebot3/turtlebot3_teleop': PYTHONPATH=/home/kaiw/Turtlebot3_Sim/turtlebot3_ws/build/turtlebot3_teleop/prefix_override:/home/kaiw/Turtlebot3_Sim/turtlebot3_ws/install/turtlebot3_teleop/lib/python3.10/site-packages:${PYTHONPATH} /usr/bin/python3 setup.py egg_info --egg-base ../../../build/turtlebot3_teleop build --build-base /home/kaiw/Turtlebot3_Sim/turtlebot3_ws/build/turtlebot3_teleop/build install --record /home/kaiw/Turtlebot3_Sim/turtlebot3_ws/build/turtlebot3_teleop/install.log --single-version-externally-managed
[0.379s] running egg_info
[0.379s] creating ../../../build/turtlebot3_teleop/turtlebot3_teleop.egg-info
[0.379s] writing ../../../build/turtlebot3_teleop/turtlebot3_teleop.egg-info/PKG-INFO
[0.380s] writing dependency_links to ../../../build/turtlebot3_teleop/turtlebot3_teleop.egg-info/dependency_links.txt
[0.380s] writing entry points to ../../../build/turtlebot3_teleop/turtlebot3_teleop.egg-info/entry_points.txt
[0.380s] writing requirements to ../../../build/turtlebot3_teleop/turtlebot3_teleop.egg-info/requires.txt
[0.380s] writing top-level names to ../../../build/turtlebot3_teleop/turtlebot3_teleop.egg-info/top_level.txt
[0.380s] writing manifest file '../../../build/turtlebot3_teleop/turtlebot3_teleop.egg-info/SOURCES.txt'
[0.380s] reading manifest file '../../../build/turtlebot3_teleop/turtlebot3_teleop.egg-info/SOURCES.txt'
[0.381s] writing manifest file '../../../build/turtlebot3_teleop/turtlebot3_teleop.egg-info/SOURCES.txt'
[0.381s] running build
[0.381s] running build_py
[0.381s] creating /home/kaiw/Turtlebot3_Sim/turtlebot3_ws/build/turtlebot3_teleop/build
[0.381s] creating /home/kaiw/Turtlebot3_Sim/turtlebot3_ws/build/turtlebot3_teleop/build/lib
[0.381s] creating /home/kaiw/Turtlebot3_Sim/turtlebot3_ws/build/turtlebot3_teleop/build/lib/turtlebot3_teleop
[0.381s] copying turtlebot3_teleop/__init__.py -> /home/kaiw/Turtlebot3_Sim/turtlebot3_ws/build/turtlebot3_teleop/build/lib/turtlebot3_teleop
[0.381s] creating /home/kaiw/Turtlebot3_Sim/turtlebot3_ws/build/turtlebot3_teleop/build/lib/turtlebot3_teleop/script
[0.381s] copying turtlebot3_teleop/script/__init__.py -> /home/kaiw/Turtlebot3_Sim/turtlebot3_ws/build/turtlebot3_teleop/build/lib/turtlebot3_teleop/script
[0.381s] copying turtlebot3_teleop/script/teleop_keyboard.py -> /home/kaiw/Turtlebot3_Sim/turtlebot3_ws/build/turtlebot3_teleop/build/lib/turtlebot3_teleop/script
[0.381s] running install
[0.381s] running install_lib
[0.381s] /usr/lib/python3/dist-packages/setuptools/command/install.py:34: SetuptoolsDeprecationWarning: setup.py install is deprecated. Use build and pip and other standards-based tools.
[0.382s]   warnings.warn(
[0.382s] creating /home/kaiw/Turtlebot3_Sim/turtlebot3_ws/install/turtlebot3_teleop/lib/python3.10/site-packages/turtlebot3_teleop
[0.382s] copying /home/kaiw/Turtlebot3_Sim/turtlebot3_ws/build/turtlebot3_teleop/build/lib/turtlebot3_teleop/__init__.py -> /home/kaiw/Turtlebot3_Sim/turtlebot3_ws/install/turtlebot3_teleop/lib/python3.10/site-packages/turtlebot3_teleop
[0.382s] creating /home/kaiw/Turtlebot3_Sim/turtlebot3_ws/install/turtlebot3_teleop/lib/python3.10/site-packages/turtlebot3_teleop/script
[0.382s] copying /home/kaiw/Turtlebot3_Sim/turtlebot3_ws/build/turtlebot3_teleop/build/lib/turtlebot3_teleop/script/__init__.py -> /home/kaiw/Turtlebot3_Sim/turtlebot3_ws/install/turtlebot3_teleop/lib/python3.10/site-packages/turtlebot3_teleop/script
[0.382s] copying /home/kaiw/Turtlebot3_Sim/turtlebot3_ws/build/turtlebot3_teleop/build/lib/turtlebot3_teleop/script/teleop_keyboard.py -> /home/kaiw/Turtlebot3_Sim/turtlebot3_ws/install/turtlebot3_teleop/lib/python3.10/site-packages/turtlebot3_teleop/script
[0.382s] byte-compiling /home/kaiw/Turtlebot3_Sim/turtlebot3_ws/install/turtlebot3_teleop/lib/python3.10/site-packages/turtlebot3_teleop/__init__.py to __init__.cpython-310.pyc
[0.382s] byte-compiling /home/kaiw/Turtlebot3_Sim/turtlebot3_ws/install/turtlebot3_teleop/lib/python3.10/site-packages/turtlebot3_teleop/script/__init__.py to __init__.cpython-310.pyc
[0.383s] byte-compiling /home/kaiw/Turtlebot3_Sim/turtlebot3_ws/install/turtlebot3_teleop/lib/python3.10/site-packages/turtlebot3_teleop/script/teleop_keyboard.py to teleop_keyboard.cpython-310.pyc
[0.383s] running install_data
[0.383s] creating /home/kaiw/Turtlebot3_Sim/turtlebot3_ws/install/turtlebot3_teleop/share/ament_index
[0.386s] creating /home/kaiw/Turtlebot3_Sim/turtlebot3_ws/install/turtlebot3_teleop/share/ament_index/resource_index
[0.386s] creating /home/kaiw/Turtlebot3_Sim/turtlebot3_ws/install/turtlebot3_teleop/share/ament_index/resource_index/packages
[0.386s] copying resource/turtlebot3_teleop -> /home/kaiw/Turtlebot3_Sim/turtlebot3_ws/install/turtlebot3_teleop/share/ament_index/resource_index/packages
[0.386s] copying package.xml -> /home/kaiw/Turtlebot3_Sim/turtlebot3_ws/install/turtlebot3_teleop/share/turtlebot3_teleop
[0.386s] running install_egg_info
[0.386s] Copying ../../../build/turtlebot3_teleop/turtlebot3_teleop.egg-info to /home/kaiw/Turtlebot3_Sim/turtlebot3_ws/install/turtlebot3_teleop/lib/python3.10/site-packages/turtlebot3_teleop-2.1.5-py3.10.egg-info
[0.386s] running install_scripts
[0.396s] Installing teleop_keyboard script to /home/kaiw/Turtlebot3_Sim/turtlebot3_ws/install/turtlebot3_teleop/lib/turtlebot3_teleop
[0.396s] writing list of installed files to '/home/kaiw/Turtlebot3_Sim/turtlebot3_ws/build/turtlebot3_teleop/install.log'
[0.413s] Invoked command in '/home/kaiw/Turtlebot3_Sim/turtlebot3_ws/src/turtlebot3/turtlebot3_teleop' returned '0': PYTHONPATH=/home/kaiw/Turtlebot3_Sim/turtlebot3_ws/build/turtlebot3_teleop/prefix_override:/home/kaiw/Turtlebot3_Sim/turtlebot3_ws/install/turtlebot3_teleop/lib/python3.10/site-packages:${PYTHONPATH} /usr/bin/python3 setup.py egg_info --egg-base ../../../build/turtlebot3_teleop build --build-base /home/kaiw/Turtlebot3_Sim/turtlebot3_ws/build/turtlebot3_teleop/build install --record /home/kaiw/Turtlebot3_Sim/turtlebot3_ws/build/turtlebot3_teleop/install.log --single-version-externally-managed
