[0.017s] Invoking command in '/home/kaiw/Turtlebot3_Sim/turtlebot3_ws/build/turtlebot3_description': CMAKE_PREFIX_PATH=/opt/ros/humble /usr/bin/cmake /home/kaiw/Turtlebot3_Sim/turtlebot3_ws/src/turtlebot3/turtlebot3_description -DCMAKE_INSTALL_PREFIX=/home/kaiw/Turtlebot3_Sim/turtlebot3_ws/install/turtlebot3_description
[0.058s] -- The C compiler identification is GNU 11.4.0
[0.086s] -- The CXX compiler identification is GNU 11.4.0
[0.089s] -- Detecting C compiler ABI info
[0.126s] -- Detecting C compiler ABI info - done
[0.129s] -- Check for working C compiler: /usr/bin/cc - skipped
[0.129s] -- Detecting C compile features
[0.130s] -- Detecting C compile features - done
[0.131s] -- Detecting CXX compiler ABI info
[0.171s] -- Detecting CXX compiler ABI info - done
[0.175s] -- Check for working CXX compiler: /usr/bin/c++ - skipped
[0.175s] -- Detecting CXX compile features
[0.175s] -- Detecting CXX compile features - done
[0.176s] -- Found ament_cmake: 1.3.5 (/opt/ros/humble/share/ament_cmake/cmake)
[0.258s] -- Found Python3: /usr/bin/python3.10 (found version "3.10.12") found components: Interpreter 
[0.300s] -- Found urdf: 2.6.0 (/opt/ros/humble/share/urdf/cmake)
[0.354s] -- Configuring done
[0.355s] -- Generating done
[0.356s] -- Build files have been written to: /home/kaiw/Turtlebot3_Sim/turtlebot3_ws/build/turtlebot3_description
[0.360s] Invoked command in '/home/kaiw/Turtlebot3_Sim/turtlebot3_ws/build/turtlebot3_description' returned '0': CMAKE_PREFIX_PATH=/opt/ros/humble /usr/bin/cmake /home/kaiw/Turtlebot3_Sim/turtlebot3_ws/src/turtlebot3/turtlebot3_description -DCMAKE_INSTALL_PREFIX=/home/kaiw/Turtlebot3_Sim/turtlebot3_ws/install/turtlebot3_description
[0.360s] Invoking command in '/home/kaiw/Turtlebot3_Sim/turtlebot3_ws/build/turtlebot3_description': CMAKE_PREFIX_PATH=/opt/ros/humble /usr/bin/cmake --build /home/kaiw/Turtlebot3_Sim/turtlebot3_ws/build/turtlebot3_description -- -j32 -l32
[0.400s] Invoked command in '/home/kaiw/Turtlebot3_Sim/turtlebot3_ws/build/turtlebot3_description' returned '0': CMAKE_PREFIX_PATH=/opt/ros/humble /usr/bin/cmake --build /home/kaiw/Turtlebot3_Sim/turtlebot3_ws/build/turtlebot3_description -- -j32 -l32
[0.411s] Invoking command in '/home/kaiw/Turtlebot3_Sim/turtlebot3_ws/build/turtlebot3_description': CMAKE_PREFIX_PATH=/opt/ros/humble /usr/bin/cmake --install /home/kaiw/Turtlebot3_Sim/turtlebot3_ws/build/turtlebot3_description
[0.416s] -- Install configuration: ""
[0.416s] -- Installing: /home/kaiw/Turtlebot3_Sim/turtlebot3_ws/install/turtlebot3_description/share/turtlebot3_description/meshes
[0.416s] -- Installing: /home/kaiw/Turtlebot3_Sim/turtlebot3_ws/install/turtlebot3_description/share/turtlebot3_description/meshes/bases
[0.416s] -- Installing: /home/kaiw/Turtlebot3_Sim/turtlebot3_ws/install/turtlebot3_description/share/turtlebot3_description/meshes/bases/waffle_base.stl
[0.426s] -- Installing: /home/kaiw/Turtlebot3_Sim/turtlebot3_ws/install/turtlebot3_description/share/turtlebot3_description/meshes/bases/waffle_pi_base.stl
[0.430s] -- Installing: /home/kaiw/Turtlebot3_Sim/turtlebot3_ws/install/turtlebot3_description/share/turtlebot3_description/meshes/bases/burger_base.stl
[0.433s] -- Installing: /home/kaiw/Turtlebot3_Sim/turtlebot3_ws/install/turtlebot3_description/share/turtlebot3_description/meshes/wheels
[0.433s] -- Installing: /home/kaiw/Turtlebot3_Sim/turtlebot3_ws/install/turtlebot3_description/share/turtlebot3_description/meshes/wheels/right_tire.stl
[0.433s] -- Installing: /home/kaiw/Turtlebot3_Sim/turtlebot3_ws/install/turtlebot3_description/share/turtlebot3_description/meshes/wheels/left_tire.stl
[0.434s] -- Installing: /home/kaiw/Turtlebot3_Sim/turtlebot3_ws/install/turtlebot3_description/share/turtlebot3_description/meshes/sensors
[0.434s] -- Installing: /home/kaiw/Turtlebot3_Sim/turtlebot3_ws/install/turtlebot3_description/share/turtlebot3_description/meshes/sensors/astra.jpg
[0.434s] -- Installing: /home/kaiw/Turtlebot3_Sim/turtlebot3_ws/install/turtlebot3_description/share/turtlebot3_description/meshes/sensors/astra.dae
[0.439s] -- Installing: /home/kaiw/Turtlebot3_Sim/turtlebot3_ws/install/turtlebot3_description/share/turtlebot3_description/meshes/sensors/r200.jpg
[0.439s] -- Installing: /home/kaiw/Turtlebot3_Sim/turtlebot3_ws/install/turtlebot3_description/share/turtlebot3_description/meshes/sensors/lds.stl
[0.439s] -- Installing: /home/kaiw/Turtlebot3_Sim/turtlebot3_ws/install/turtlebot3_description/share/turtlebot3_description/meshes/sensors/r200.dae
[0.440s] -- Installing: /home/kaiw/Turtlebot3_Sim/turtlebot3_ws/install/turtlebot3_description/share/turtlebot3_description/rviz
[0.440s] -- Installing: /home/kaiw/Turtlebot3_Sim/turtlebot3_ws/install/turtlebot3_description/share/turtlebot3_description/rviz/model.rviz
[0.440s] -- Installing: /home/kaiw/Turtlebot3_Sim/turtlebot3_ws/install/turtlebot3_description/share/turtlebot3_description/urdf
[0.440s] -- Installing: /home/kaiw/Turtlebot3_Sim/turtlebot3_ws/install/turtlebot3_description/share/turtlebot3_description/urdf/common_properties.urdf
[0.440s] -- Installing: /home/kaiw/Turtlebot3_Sim/turtlebot3_ws/install/turtlebot3_description/share/turtlebot3_description/urdf/turtlebot3_waffle_pi.urdf
[0.440s] -- Installing: /home/kaiw/Turtlebot3_Sim/turtlebot3_ws/install/turtlebot3_description/share/turtlebot3_description/urdf/turtlebot3_burger.urdf
[0.440s] -- Installing: /home/kaiw/Turtlebot3_Sim/turtlebot3_ws/install/turtlebot3_description/share/turtlebot3_description/urdf/turtlebot3_waffle.urdf
[0.440s] -- Installing: /home/kaiw/Turtlebot3_Sim/turtlebot3_ws/install/turtlebot3_description/share/ament_index/resource_index/package_run_dependencies/turtlebot3_description
[0.440s] -- Installing: /home/kaiw/Turtlebot3_Sim/turtlebot3_ws/install/turtlebot3_description/share/ament_index/resource_index/parent_prefix_path/turtlebot3_description
[0.440s] -- Installing: /home/kaiw/Turtlebot3_Sim/turtlebot3_ws/install/turtlebot3_description/share/turtlebot3_description/environment/ament_prefix_path.sh
[0.440s] -- Installing: /home/kaiw/Turtlebot3_Sim/turtlebot3_ws/install/turtlebot3_description/share/turtlebot3_description/environment/ament_prefix_path.dsv
[0.440s] -- Installing: /home/kaiw/Turtlebot3_Sim/turtlebot3_ws/install/turtlebot3_description/share/turtlebot3_description/environment/path.sh
[0.440s] -- Installing: /home/kaiw/Turtlebot3_Sim/turtlebot3_ws/install/turtlebot3_description/share/turtlebot3_description/environment/path.dsv
[0.440s] -- Installing: /home/kaiw/Turtlebot3_Sim/turtlebot3_ws/install/turtlebot3_description/share/turtlebot3_description/local_setup.bash
[0.440s] -- Installing: /home/kaiw/Turtlebot3_Sim/turtlebot3_ws/install/turtlebot3_description/share/turtlebot3_description/local_setup.sh
[0.440s] -- Installing: /home/kaiw/Turtlebot3_Sim/turtlebot3_ws/install/turtlebot3_description/share/turtlebot3_description/local_setup.zsh
[0.440s] -- Installing: /home/kaiw/Turtlebot3_Sim/turtlebot3_ws/install/turtlebot3_description/share/turtlebot3_description/local_setup.dsv
[0.440s] -- Installing: /home/kaiw/Turtlebot3_Sim/turtlebot3_ws/install/turtlebot3_description/share/turtlebot3_description/package.dsv
[0.440s] -- Installing: /home/kaiw/Turtlebot3_Sim/turtlebot3_ws/install/turtlebot3_description/share/ament_index/resource_index/packages/turtlebot3_description
[0.440s] -- Installing: /home/kaiw/Turtlebot3_Sim/turtlebot3_ws/install/turtlebot3_description/share/turtlebot3_description/cmake/turtlebot3_descriptionConfig.cmake
[0.440s] -- Installing: /home/kaiw/Turtlebot3_Sim/turtlebot3_ws/install/turtlebot3_description/share/turtlebot3_description/cmake/turtlebot3_descriptionConfig-version.cmake
[0.441s] -- Installing: /home/kaiw/Turtlebot3_Sim/turtlebot3_ws/install/turtlebot3_description/share/turtlebot3_description/package.xml
[0.442s] Invoked command in '/home/kaiw/Turtlebot3_Sim/turtlebot3_ws/build/turtlebot3_description' returned '0': CMAKE_PREFIX_PATH=/opt/ros/humble /usr/bin/cmake --install /home/kaiw/Turtlebot3_Sim/turtlebot3_ws/build/turtlebot3_description
