[0.018s] Invoking command in '/home/kaiw/Turtlebot3_Sim/turtlebot3_ws/build/dynamixel_sdk': CMAKE_PREFIX_PATH=/opt/ros/humble /usr/bin/cmake /home/kaiw/Turtlebot3_Sim/turtlebot3_ws/src/DynamixelSDK/dynamixel_sdk -DCMAKE_INSTALL_PREFIX=/home/kaiw/Turtlebot3_Sim/turtlebot3_ws/install/dynamixel_sdk
[0.059s] -- The C compiler identification is GNU 11.4.0
[0.087s] -- The CXX compiler identification is GNU 11.4.0
[0.091s] -- Detecting C compiler ABI info
[0.128s] -- Detecting C compiler ABI info - done
[0.131s] -- Check for working C compiler: /usr/bin/cc - skipped
[0.131s] -- Detecting C compile features
[0.132s] -- Detecting C compile features - done
[0.133s] -- Detecting CXX compiler ABI info
[0.172s] -- Detecting CXX compiler ABI info - done
[0.175s] -- Check for working CXX compiler: /usr/bin/c++ - skipped
[0.176s] -- Detecting CXX compile features
[0.176s] -- Detecting CXX compile features - done
[0.177s] -- Found ament_cmake: 1.3.5 (/opt/ros/humble/share/ament_cmake/cmake)
[0.267s] -- Found Python3: /usr/bin/python3.10 (found version "3.10.12") found components: Interpreter 
[0.341s] -- Configuring done
[0.344s] -- Generating done
[0.344s] -- Build files have been written to: /home/kaiw/Turtlebot3_Sim/turtlebot3_ws/build/dynamixel_sdk
[0.347s] Invoked command in '/home/kaiw/Turtlebot3_Sim/turtlebot3_ws/build/dynamixel_sdk' returned '0': CMAKE_PREFIX_PATH=/opt/ros/humble /usr/bin/cmake /home/kaiw/Turtlebot3_Sim/turtlebot3_ws/src/DynamixelSDK/dynamixel_sdk -DCMAKE_INSTALL_PREFIX=/home/kaiw/Turtlebot3_Sim/turtlebot3_ws/install/dynamixel_sdk
[0.348s] Invoking command in '/home/kaiw/Turtlebot3_Sim/turtlebot3_ws/build/dynamixel_sdk': CMAKE_PREFIX_PATH=/opt/ros/humble /usr/bin/cmake --build /home/kaiw/Turtlebot3_Sim/turtlebot3_ws/build/dynamixel_sdk -- -j32 -l32
[0.369s] [ 10%] [32mBuilding CXX object CMakeFiles/dynamixel_sdk.dir/src/dynamixel_sdk/packet_handler.cpp.o[0m
[0.370s] [ 20%] [32mBuilding CXX object CMakeFiles/dynamixel_sdk.dir/src/dynamixel_sdk/protocol2_packet_handler.cpp.o[0m
[0.370s] [ 50%] [32mBuilding CXX object CMakeFiles/dynamixel_sdk.dir/src/dynamixel_sdk/group_bulk_read.cpp.o[0m
[0.370s] [ 50%] [32mBuilding CXX object CMakeFiles/dynamixel_sdk.dir/src/dynamixel_sdk/group_sync_read.cpp.o[0m
[0.370s] [ 60%] [32mBuilding CXX object CMakeFiles/dynamixel_sdk.dir/src/dynamixel_sdk/group_bulk_write.cpp.o[0m
[0.370s] [ 60%] [32mBuilding CXX object CMakeFiles/dynamixel_sdk.dir/src/dynamixel_sdk/protocol1_packet_handler.cpp.o[0m
[0.370s] [ 70%] [32mBuilding CXX object CMakeFiles/dynamixel_sdk.dir/src/dynamixel_sdk/port_handler_linux.cpp.o[0m
[0.370s] [ 80%] [32mBuilding CXX object CMakeFiles/dynamixel_sdk.dir/src/dynamixel_sdk/group_sync_write.cpp.o[0m
[0.371s] [ 90%] [32mBuilding CXX object CMakeFiles/dynamixel_sdk.dir/src/dynamixel_sdk/port_handler.cpp.o[0m
[0.592s] [100%] [32m[1mLinking CXX shared library libdynamixel_sdk.so[0m
[0.635s] [100%] Built target dynamixel_sdk
[0.640s] Invoked command in '/home/kaiw/Turtlebot3_Sim/turtlebot3_ws/build/dynamixel_sdk' returned '0': CMAKE_PREFIX_PATH=/opt/ros/humble /usr/bin/cmake --build /home/kaiw/Turtlebot3_Sim/turtlebot3_ws/build/dynamixel_sdk -- -j32 -l32
[0.658s] Invoking command in '/home/kaiw/Turtlebot3_Sim/turtlebot3_ws/build/dynamixel_sdk': CMAKE_PREFIX_PATH=/opt/ros/humble /usr/bin/cmake --install /home/kaiw/Turtlebot3_Sim/turtlebot3_ws/build/dynamixel_sdk
[0.662s] -- Install configuration: ""
[0.662s] -- Installing: /home/kaiw/Turtlebot3_Sim/turtlebot3_ws/install/dynamixel_sdk/include/
[0.663s] -- Installing: /home/kaiw/Turtlebot3_Sim/turtlebot3_ws/install/dynamixel_sdk/include//dynamixel_sdk
[0.663s] -- Installing: /home/kaiw/Turtlebot3_Sim/turtlebot3_ws/install/dynamixel_sdk/include//dynamixel_sdk/port_handler_mac.h
[0.663s] -- Installing: /home/kaiw/Turtlebot3_Sim/turtlebot3_ws/install/dynamixel_sdk/include//dynamixel_sdk/group_bulk_write.h
[0.663s] -- Installing: /home/kaiw/Turtlebot3_Sim/turtlebot3_ws/install/dynamixel_sdk/include//dynamixel_sdk/group_bulk_read.h
[0.663s] -- Installing: /home/kaiw/Turtlebot3_Sim/turtlebot3_ws/install/dynamixel_sdk/include//dynamixel_sdk/port_handler_arduino.h
[0.663s] -- Installing: /home/kaiw/Turtlebot3_Sim/turtlebot3_ws/install/dynamixel_sdk/include//dynamixel_sdk/group_sync_read.h
[0.663s] -- Installing: /home/kaiw/Turtlebot3_Sim/turtlebot3_ws/install/dynamixel_sdk/include//dynamixel_sdk/port_handler_windows.h
[0.663s] -- Installing: /home/kaiw/Turtlebot3_Sim/turtlebot3_ws/install/dynamixel_sdk/include//dynamixel_sdk/group_sync_write.h
[0.663s] -- Installing: /home/kaiw/Turtlebot3_Sim/turtlebot3_ws/install/dynamixel_sdk/include//dynamixel_sdk/protocol2_packet_handler.h
[0.663s] -- Installing: /home/kaiw/Turtlebot3_Sim/turtlebot3_ws/install/dynamixel_sdk/include//dynamixel_sdk/port_handler_linux.h
[0.663s] -- Installing: /home/kaiw/Turtlebot3_Sim/turtlebot3_ws/install/dynamixel_sdk/include//dynamixel_sdk/protocol1_packet_handler.h
[0.663s] -- Installing: /home/kaiw/Turtlebot3_Sim/turtlebot3_ws/install/dynamixel_sdk/include//dynamixel_sdk/dynamixel_sdk.h
[0.663s] -- Installing: /home/kaiw/Turtlebot3_Sim/turtlebot3_ws/install/dynamixel_sdk/include//dynamixel_sdk/packet_handler.h
[0.663s] -- Installing: /home/kaiw/Turtlebot3_Sim/turtlebot3_ws/install/dynamixel_sdk/include//dynamixel_sdk/port_handler.h
[0.664s] -- Installing: /home/kaiw/Turtlebot3_Sim/turtlebot3_ws/install/dynamixel_sdk/lib/libdynamixel_sdk.so
[0.664s] -- Installing: /home/kaiw/Turtlebot3_Sim/turtlebot3_ws/install/dynamixel_sdk/share/dynamixel_sdk/environment/library_path.sh
[0.664s] -- Installing: /home/kaiw/Turtlebot3_Sim/turtlebot3_ws/install/dynamixel_sdk/share/dynamixel_sdk/environment/library_path.dsv
[0.664s] -- Installing: /home/kaiw/Turtlebot3_Sim/turtlebot3_ws/install/dynamixel_sdk/share/ament_index/resource_index/package_run_dependencies/dynamixel_sdk
[0.664s] -- Installing: /home/kaiw/Turtlebot3_Sim/turtlebot3_ws/install/dynamixel_sdk/share/ament_index/resource_index/parent_prefix_path/dynamixel_sdk
[0.664s] -- Installing: /home/kaiw/Turtlebot3_Sim/turtlebot3_ws/install/dynamixel_sdk/share/dynamixel_sdk/environment/ament_prefix_path.sh
[0.664s] -- Installing: /home/kaiw/Turtlebot3_Sim/turtlebot3_ws/install/dynamixel_sdk/share/dynamixel_sdk/environment/ament_prefix_path.dsv
[0.664s] -- Installing: /home/kaiw/Turtlebot3_Sim/turtlebot3_ws/install/dynamixel_sdk/share/dynamixel_sdk/environment/path.sh
[0.664s] -- Installing: /home/kaiw/Turtlebot3_Sim/turtlebot3_ws/install/dynamixel_sdk/share/dynamixel_sdk/environment/path.dsv
[0.664s] -- Installing: /home/kaiw/Turtlebot3_Sim/turtlebot3_ws/install/dynamixel_sdk/share/dynamixel_sdk/local_setup.bash
[0.664s] -- Installing: /home/kaiw/Turtlebot3_Sim/turtlebot3_ws/install/dynamixel_sdk/share/dynamixel_sdk/local_setup.sh
[0.664s] -- Installing: /home/kaiw/Turtlebot3_Sim/turtlebot3_ws/install/dynamixel_sdk/share/dynamixel_sdk/local_setup.zsh
[0.664s] -- Installing: /home/kaiw/Turtlebot3_Sim/turtlebot3_ws/install/dynamixel_sdk/share/dynamixel_sdk/local_setup.dsv
[0.664s] -- Installing: /home/kaiw/Turtlebot3_Sim/turtlebot3_ws/install/dynamixel_sdk/share/dynamixel_sdk/package.dsv
[0.664s] -- Installing: /home/kaiw/Turtlebot3_Sim/turtlebot3_ws/install/dynamixel_sdk/share/ament_index/resource_index/packages/dynamixel_sdk
[0.664s] -- Installing: /home/kaiw/Turtlebot3_Sim/turtlebot3_ws/install/dynamixel_sdk/share/dynamixel_sdk/cmake/ament_cmake_export_include_directories-extras.cmake
[0.664s] -- Installing: /home/kaiw/Turtlebot3_Sim/turtlebot3_ws/install/dynamixel_sdk/share/dynamixel_sdk/cmake/ament_cmake_export_libraries-extras.cmake
[0.664s] -- Installing: /home/kaiw/Turtlebot3_Sim/turtlebot3_ws/install/dynamixel_sdk/share/dynamixel_sdk/cmake/dynamixel_sdkConfig.cmake
[0.664s] -- Installing: /home/kaiw/Turtlebot3_Sim/turtlebot3_ws/install/dynamixel_sdk/share/dynamixel_sdk/cmake/dynamixel_sdkConfig-version.cmake
[0.664s] -- Installing: /home/kaiw/Turtlebot3_Sim/turtlebot3_ws/install/dynamixel_sdk/share/dynamixel_sdk/package.xml
[0.666s] Invoked command in '/home/kaiw/Turtlebot3_Sim/turtlebot3_ws/build/dynamixel_sdk' returned '0': CMAKE_PREFIX_PATH=/opt/ros/humble /usr/bin/cmake --install /home/kaiw/Turtlebot3_Sim/turtlebot3_ws/build/dynamixel_sdk
