[0.265s] Invoking command in '/home/kaiw/Turtlebot3_Sim/turtlebot3_ws/src/turtlebot3/turtlebot3_example': AMENT_PREFIX_PATH=/home/kaiw/Turtlebot3_Sim/turtlebot3_ws/install/turtlebot3_msgs:${AMENT_PREFIX_PATH} CMAKE_PREFIX_PATH=/home/kaiw/Turtlebot3_Sim/turtlebot3_ws/install/turtlebot3_msgs LD_LIBRARY_PATH=/home/kaiw/Turtlebot3_Sim/turtlebot3_ws/install/turtlebot3_msgs/lib:${LD_LIBRARY_PATH} PYTHONPATH=/home/kaiw/Turtlebot3_Sim/turtlebot3_ws/build/turtlebot3_example/prefix_override:/home/kaiw/Turtlebot3_Sim/turtlebot3_ws/install/turtlebot3_example/lib/python3.10/site-packages:/home/kaiw/Turtlebot3_Sim/turtlebot3_ws/install/turtlebot3_msgs/local/lib/python3.10/dist-packages:${PYTHONPATH} /usr/bin/python3 setup.py egg_info --egg-base ../../../build/turtlebot3_example build --build-base /home/kaiw/Turtlebot3_Sim/turtlebot3_ws/build/turtlebot3_example/build install --record /home/kaiw/Turtlebot3_Sim/turtlebot3_ws/build/turtlebot3_example/install.log --single-version-externally-managed
[0.365s] running egg_info
[0.365s] creating ../../../build/turtlebot3_example/turtlebot3_example.egg-info
[0.365s] writing ../../../build/turtlebot3_example/turtlebot3_example.egg-info/PKG-INFO
[0.365s] writing dependency_links to ../../../build/turtlebot3_example/turtlebot3_example.egg-info/dependency_links.txt
[0.365s] writing entry points to ../../../build/turtlebot3_example/turtlebot3_example.egg-info/entry_points.txt
[0.365s] writing requirements to ../../../build/turtlebot3_example/turtlebot3_example.egg-info/requires.txt
[0.365s] writing top-level names to ../../../build/turtlebot3_example/turtlebot3_example.egg-info/top_level.txt
[0.365s] writing manifest file '../../../build/turtlebot3_example/turtlebot3_example.egg-info/SOURCES.txt'
[0.366s] reading manifest file '../../../build/turtlebot3_example/turtlebot3_example.egg-info/SOURCES.txt'
[0.366s] writing manifest file '../../../build/turtlebot3_example/turtlebot3_example.egg-info/SOURCES.txt'
[0.366s] running build
[0.366s] running build_py
[0.367s] creating /home/kaiw/Turtlebot3_Sim/turtlebot3_ws/build/turtlebot3_example/build
[0.367s] creating /home/kaiw/Turtlebot3_Sim/turtlebot3_ws/build/turtlebot3_example/build/lib
[0.367s] creating /home/kaiw/Turtlebot3_Sim/turtlebot3_ws/build/turtlebot3_example/build/lib/turtlebot3_example
[0.367s] copying turtlebot3_example/__init__.py -> /home/kaiw/Turtlebot3_Sim/turtlebot3_ws/build/turtlebot3_example/build/lib/turtlebot3_example
[0.367s] creating /home/kaiw/Turtlebot3_Sim/turtlebot3_ws/build/turtlebot3_example/build/lib/turtlebot3_example/turtlebot3_patrol_client
[0.367s] copying turtlebot3_example/turtlebot3_patrol_client/turtlebot3_patrol_client.py -> /home/kaiw/Turtlebot3_Sim/turtlebot3_ws/build/turtlebot3_example/build/lib/turtlebot3_example/turtlebot3_patrol_client
[0.367s] copying turtlebot3_example/turtlebot3_patrol_client/__init__.py -> /home/kaiw/Turtlebot3_Sim/turtlebot3_ws/build/turtlebot3_example/build/lib/turtlebot3_example/turtlebot3_patrol_client
[0.367s] copying turtlebot3_example/turtlebot3_patrol_client/main.py -> /home/kaiw/Turtlebot3_Sim/turtlebot3_ws/build/turtlebot3_example/build/lib/turtlebot3_example/turtlebot3_patrol_client
[0.367s] creating /home/kaiw/Turtlebot3_Sim/turtlebot3_ws/build/turtlebot3_example/build/lib/turtlebot3_example/turtlebot3_patrol_server
[0.367s] copying turtlebot3_example/turtlebot3_patrol_server/turtlebot3_path.py -> /home/kaiw/Turtlebot3_Sim/turtlebot3_ws/build/turtlebot3_example/build/lib/turtlebot3_example/turtlebot3_patrol_server
[0.367s] copying turtlebot3_example/turtlebot3_patrol_server/__init__.py -> /home/kaiw/Turtlebot3_Sim/turtlebot3_ws/build/turtlebot3_example/build/lib/turtlebot3_example/turtlebot3_patrol_server
[0.367s] copying turtlebot3_example/turtlebot3_patrol_server/turtlebot3_patrol_server.py -> /home/kaiw/Turtlebot3_Sim/turtlebot3_ws/build/turtlebot3_example/build/lib/turtlebot3_example/turtlebot3_patrol_server
[0.367s] copying turtlebot3_example/turtlebot3_patrol_server/main.py -> /home/kaiw/Turtlebot3_Sim/turtlebot3_ws/build/turtlebot3_example/build/lib/turtlebot3_example/turtlebot3_patrol_server
[0.367s] creating /home/kaiw/Turtlebot3_Sim/turtlebot3_ws/build/turtlebot3_example/build/lib/turtlebot3_example/turtlebot3_position_control
[0.367s] copying turtlebot3_example/turtlebot3_position_control/turtlebot3_path.py -> /home/kaiw/Turtlebot3_Sim/turtlebot3_ws/build/turtlebot3_example/build/lib/turtlebot3_example/turtlebot3_position_control
[0.367s] copying turtlebot3_example/turtlebot3_position_control/__init__.py -> /home/kaiw/Turtlebot3_Sim/turtlebot3_ws/build/turtlebot3_example/build/lib/turtlebot3_example/turtlebot3_position_control
[0.367s] copying turtlebot3_example/turtlebot3_position_control/turtlebot3_position_control.py -> /home/kaiw/Turtlebot3_Sim/turtlebot3_ws/build/turtlebot3_example/build/lib/turtlebot3_example/turtlebot3_position_control
[0.367s] copying turtlebot3_example/turtlebot3_position_control/main.py -> /home/kaiw/Turtlebot3_Sim/turtlebot3_ws/build/turtlebot3_example/build/lib/turtlebot3_example/turtlebot3_position_control
[0.367s] creating /home/kaiw/Turtlebot3_Sim/turtlebot3_ws/build/turtlebot3_example/build/lib/turtlebot3_example/turtlebot3_obstacle_detection
[0.367s] copying turtlebot3_example/turtlebot3_obstacle_detection/__init__.py -> /home/kaiw/Turtlebot3_Sim/turtlebot3_ws/build/turtlebot3_example/build/lib/turtlebot3_example/turtlebot3_obstacle_detection
[0.367s] copying turtlebot3_example/turtlebot3_obstacle_detection/turtlebot3_obstacle_detection.py -> /home/kaiw/Turtlebot3_Sim/turtlebot3_ws/build/turtlebot3_example/build/lib/turtlebot3_example/turtlebot3_obstacle_detection
[0.367s] copying turtlebot3_example/turtlebot3_obstacle_detection/main.py -> /home/kaiw/Turtlebot3_Sim/turtlebot3_ws/build/turtlebot3_example/build/lib/turtlebot3_example/turtlebot3_obstacle_detection
[0.367s] running install
[0.368s] /usr/lib/python3/dist-packages/setuptools/command/install.py:34: SetuptoolsDeprecationWarning: setup.py install is deprecated. Use build and pip and other standards-based tools.
[0.368s]   warnings.warn(
[0.368s] running install_lib
[0.368s] creating /home/kaiw/Turtlebot3_Sim/turtlebot3_ws/install/turtlebot3_example/lib/python3.10/site-packages/turtlebot3_example
[0.368s] creating /home/kaiw/Turtlebot3_Sim/turtlebot3_ws/install/turtlebot3_example/lib/python3.10/site-packages/turtlebot3_example/turtlebot3_patrol_client
[0.368s] copying /home/kaiw/Turtlebot3_Sim/turtlebot3_ws/build/turtlebot3_example/build/lib/turtlebot3_example/turtlebot3_patrol_client/turtlebot3_patrol_client.py -> /home/kaiw/Turtlebot3_Sim/turtlebot3_ws/install/turtlebot3_example/lib/python3.10/site-packages/turtlebot3_example/turtlebot3_patrol_client
[0.368s] copying /home/kaiw/Turtlebot3_Sim/turtlebot3_ws/build/turtlebot3_example/build/lib/turtlebot3_example/turtlebot3_patrol_client/__init__.py -> /home/kaiw/Turtlebot3_Sim/turtlebot3_ws/install/turtlebot3_example/lib/python3.10/site-packages/turtlebot3_example/turtlebot3_patrol_client
[0.368s] copying /home/kaiw/Turtlebot3_Sim/turtlebot3_ws/build/turtlebot3_example/build/lib/turtlebot3_example/turtlebot3_patrol_client/main.py -> /home/kaiw/Turtlebot3_Sim/turtlebot3_ws/install/turtlebot3_example/lib/python3.10/site-packages/turtlebot3_example/turtlebot3_patrol_client
[0.368s] creating /home/kaiw/Turtlebot3_Sim/turtlebot3_ws/install/turtlebot3_example/lib/python3.10/site-packages/turtlebot3_example/turtlebot3_patrol_server
[0.368s] copying /home/kaiw/Turtlebot3_Sim/turtlebot3_ws/build/turtlebot3_example/build/lib/turtlebot3_example/turtlebot3_patrol_server/turtlebot3_path.py -> /home/kaiw/Turtlebot3_Sim/turtlebot3_ws/install/turtlebot3_example/lib/python3.10/site-packages/turtlebot3_example/turtlebot3_patrol_server
[0.368s] copying /home/kaiw/Turtlebot3_Sim/turtlebot3_ws/build/turtlebot3_example/build/lib/turtlebot3_example/turtlebot3_patrol_server/__init__.py -> /home/kaiw/Turtlebot3_Sim/turtlebot3_ws/install/turtlebot3_example/lib/python3.10/site-packages/turtlebot3_example/turtlebot3_patrol_server
[0.368s] copying /home/kaiw/Turtlebot3_Sim/turtlebot3_ws/build/turtlebot3_example/build/lib/turtlebot3_example/turtlebot3_patrol_server/turtlebot3_patrol_server.py -> /home/kaiw/Turtlebot3_Sim/turtlebot3_ws/install/turtlebot3_example/lib/python3.10/site-packages/turtlebot3_example/turtlebot3_patrol_server
[0.369s] copying /home/kaiw/Turtlebot3_Sim/turtlebot3_ws/build/turtlebot3_example/build/lib/turtlebot3_example/turtlebot3_patrol_server/main.py -> /home/kaiw/Turtlebot3_Sim/turtlebot3_ws/install/turtlebot3_example/lib/python3.10/site-packages/turtlebot3_example/turtlebot3_patrol_server
[0.369s] copying /home/kaiw/Turtlebot3_Sim/turtlebot3_ws/build/turtlebot3_example/build/lib/turtlebot3_example/__init__.py -> /home/kaiw/Turtlebot3_Sim/turtlebot3_ws/install/turtlebot3_example/lib/python3.10/site-packages/turtlebot3_example
[0.369s] creating /home/kaiw/Turtlebot3_Sim/turtlebot3_ws/install/turtlebot3_example/lib/python3.10/site-packages/turtlebot3_example/turtlebot3_position_control
[0.369s] copying /home/kaiw/Turtlebot3_Sim/turtlebot3_ws/build/turtlebot3_example/build/lib/turtlebot3_example/turtlebot3_position_control/turtlebot3_path.py -> /home/kaiw/Turtlebot3_Sim/turtlebot3_ws/install/turtlebot3_example/lib/python3.10/site-packages/turtlebot3_example/turtlebot3_position_control
[0.369s] copying /home/kaiw/Turtlebot3_Sim/turtlebot3_ws/build/turtlebot3_example/build/lib/turtlebot3_example/turtlebot3_position_control/__init__.py -> /home/kaiw/Turtlebot3_Sim/turtlebot3_ws/install/turtlebot3_example/lib/python3.10/site-packages/turtlebot3_example/turtlebot3_position_control
[0.369s] copying /home/kaiw/Turtlebot3_Sim/turtlebot3_ws/build/turtlebot3_example/build/lib/turtlebot3_example/turtlebot3_position_control/turtlebot3_position_control.py -> /home/kaiw/Turtlebot3_Sim/turtlebot3_ws/install/turtlebot3_example/lib/python3.10/site-packages/turtlebot3_example/turtlebot3_position_control
[0.369s] copying /home/kaiw/Turtlebot3_Sim/turtlebot3_ws/build/turtlebot3_example/build/lib/turtlebot3_example/turtlebot3_position_control/main.py -> /home/kaiw/Turtlebot3_Sim/turtlebot3_ws/install/turtlebot3_example/lib/python3.10/site-packages/turtlebot3_example/turtlebot3_position_control
[0.369s] creating /home/kaiw/Turtlebot3_Sim/turtlebot3_ws/install/turtlebot3_example/lib/python3.10/site-packages/turtlebot3_example/turtlebot3_obstacle_detection
[0.369s] copying /home/kaiw/Turtlebot3_Sim/turtlebot3_ws/build/turtlebot3_example/build/lib/turtlebot3_example/turtlebot3_obstacle_detection/__init__.py -> /home/kaiw/Turtlebot3_Sim/turtlebot3_ws/install/turtlebot3_example/lib/python3.10/site-packages/turtlebot3_example/turtlebot3_obstacle_detection
[0.369s] copying /home/kaiw/Turtlebot3_Sim/turtlebot3_ws/build/turtlebot3_example/build/lib/turtlebot3_example/turtlebot3_obstacle_detection/turtlebot3_obstacle_detection.py -> /home/kaiw/Turtlebot3_Sim/turtlebot3_ws/install/turtlebot3_example/lib/python3.10/site-packages/turtlebot3_example/turtlebot3_obstacle_detection
[0.369s] copying /home/kaiw/Turtlebot3_Sim/turtlebot3_ws/build/turtlebot3_example/build/lib/turtlebot3_example/turtlebot3_obstacle_detection/main.py -> /home/kaiw/Turtlebot3_Sim/turtlebot3_ws/install/turtlebot3_example/lib/python3.10/site-packages/turtlebot3_example/turtlebot3_obstacle_detection
[0.369s] byte-compiling /home/kaiw/Turtlebot3_Sim/turtlebot3_ws/install/turtlebot3_example/lib/python3.10/site-packages/turtlebot3_example/turtlebot3_patrol_client/turtlebot3_patrol_client.py to turtlebot3_patrol_client.cpython-310.pyc
[0.369s] byte-compiling /home/kaiw/Turtlebot3_Sim/turtlebot3_ws/install/turtlebot3_example/lib/python3.10/site-packages/turtlebot3_example/turtlebot3_patrol_client/__init__.py to __init__.cpython-310.pyc
[0.369s] byte-compiling /home/kaiw/Turtlebot3_Sim/turtlebot3_ws/install/turtlebot3_example/lib/python3.10/site-packages/turtlebot3_example/turtlebot3_patrol_client/main.py to main.cpython-310.pyc
[0.370s] byte-compiling /home/kaiw/Turtlebot3_Sim/turtlebot3_ws/install/turtlebot3_example/lib/python3.10/site-packages/turtlebot3_example/turtlebot3_patrol_server/turtlebot3_path.py to turtlebot3_path.cpython-310.pyc
[0.370s] byte-compiling /home/kaiw/Turtlebot3_Sim/turtlebot3_ws/install/turtlebot3_example/lib/python3.10/site-packages/turtlebot3_example/turtlebot3_patrol_server/__init__.py to __init__.cpython-310.pyc
[0.370s] byte-compiling /home/kaiw/Turtlebot3_Sim/turtlebot3_ws/install/turtlebot3_example/lib/python3.10/site-packages/turtlebot3_example/turtlebot3_patrol_server/turtlebot3_patrol_server.py to turtlebot3_patrol_server.cpython-310.pyc
[0.370s] byte-compiling /home/kaiw/Turtlebot3_Sim/turtlebot3_ws/install/turtlebot3_example/lib/python3.10/site-packages/turtlebot3_example/turtlebot3_patrol_server/main.py to main.cpython-310.pyc
[0.370s] byte-compiling /home/kaiw/Turtlebot3_Sim/turtlebot3_ws/install/turtlebot3_example/lib/python3.10/site-packages/turtlebot3_example/__init__.py to __init__.cpython-310.pyc
[0.370s] byte-compiling /home/kaiw/Turtlebot3_Sim/turtlebot3_ws/install/turtlebot3_example/lib/python3.10/site-packages/turtlebot3_example/turtlebot3_position_control/turtlebot3_path.py to turtlebot3_path.cpython-310.pyc
[0.370s] byte-compiling /home/kaiw/Turtlebot3_Sim/turtlebot3_ws/install/turtlebot3_example/lib/python3.10/site-packages/turtlebot3_example/turtlebot3_position_control/__init__.py to __init__.cpython-310.pyc
[0.370s] byte-compiling /home/kaiw/Turtlebot3_Sim/turtlebot3_ws/install/turtlebot3_example/lib/python3.10/site-packages/turtlebot3_example/turtlebot3_position_control/turtlebot3_position_control.py to turtlebot3_position_control.cpython-310.pyc
[0.371s] byte-compiling /home/kaiw/Turtlebot3_Sim/turtlebot3_ws/install/turtlebot3_example/lib/python3.10/site-packages/turtlebot3_example/turtlebot3_position_control/main.py to main.cpython-310.pyc
[0.371s] byte-compiling /home/kaiw/Turtlebot3_Sim/turtlebot3_ws/install/turtlebot3_example/lib/python3.10/site-packages/turtlebot3_example/turtlebot3_obstacle_detection/__init__.py to __init__.cpython-310.pyc
[0.371s] byte-compiling /home/kaiw/Turtlebot3_Sim/turtlebot3_ws/install/turtlebot3_example/lib/python3.10/site-packages/turtlebot3_example/turtlebot3_obstacle_detection/turtlebot3_obstacle_detection.py to turtlebot3_obstacle_detection.cpython-310.pyc
[0.371s] byte-compiling /home/kaiw/Turtlebot3_Sim/turtlebot3_ws/install/turtlebot3_example/lib/python3.10/site-packages/turtlebot3_example/turtlebot3_obstacle_detection/main.py to main.cpython-310.pyc
[0.371s] running install_data
[0.372s] creating /home/kaiw/Turtlebot3_Sim/turtlebot3_ws/install/turtlebot3_example/share/ament_index
[0.372s] creating /home/kaiw/Turtlebot3_Sim/turtlebot3_ws/install/turtlebot3_example/share/ament_index/resource_index
[0.372s] creating /home/kaiw/Turtlebot3_Sim/turtlebot3_ws/install/turtlebot3_example/share/ament_index/resource_index/packages
[0.372s] copying resource/turtlebot3_example -> /home/kaiw/Turtlebot3_Sim/turtlebot3_ws/install/turtlebot3_example/share/ament_index/resource_index/packages
[0.372s] copying package.xml -> /home/kaiw/Turtlebot3_Sim/turtlebot3_ws/install/turtlebot3_example/share/turtlebot3_example
[0.372s] running install_egg_info
[0.373s] Copying ../../../build/turtlebot3_example/turtlebot3_example.egg-info to /home/kaiw/Turtlebot3_Sim/turtlebot3_ws/install/turtlebot3_example/lib/python3.10/site-packages/turtlebot3_example-2.1.5-py3.10.egg-info
[0.373s] running install_scripts
[0.383s] Installing turtlebot3_obstacle_detection script to /home/kaiw/Turtlebot3_Sim/turtlebot3_ws/install/turtlebot3_example/lib/turtlebot3_example
[0.383s] Installing turtlebot3_patrol_client script to /home/kaiw/Turtlebot3_Sim/turtlebot3_ws/install/turtlebot3_example/lib/turtlebot3_example
[0.383s] Installing turtlebot3_patrol_server script to /home/kaiw/Turtlebot3_Sim/turtlebot3_ws/install/turtlebot3_example/lib/turtlebot3_example
[0.383s] Installing turtlebot3_position_control script to /home/kaiw/Turtlebot3_Sim/turtlebot3_ws/install/turtlebot3_example/lib/turtlebot3_example
[0.383s] writing list of installed files to '/home/kaiw/Turtlebot3_Sim/turtlebot3_ws/build/turtlebot3_example/install.log'
[0.400s] Invoked command in '/home/kaiw/Turtlebot3_Sim/turtlebot3_ws/src/turtlebot3/turtlebot3_example' returned '0': AMENT_PREFIX_PATH=/home/kaiw/Turtlebot3_Sim/turtlebot3_ws/install/turtlebot3_msgs:${AMENT_PREFIX_PATH} CMAKE_PREFIX_PATH=/home/kaiw/Turtlebot3_Sim/turtlebot3_ws/install/turtlebot3_msgs LD_LIBRARY_PATH=/home/kaiw/Turtlebot3_Sim/turtlebot3_ws/install/turtlebot3_msgs/lib:${LD_LIBRARY_PATH} PYTHONPATH=/home/kaiw/Turtlebot3_Sim/turtlebot3_ws/build/turtlebot3_example/prefix_override:/home/kaiw/Turtlebot3_Sim/turtlebot3_ws/install/turtlebot3_example/lib/python3.10/site-packages:/home/kaiw/Turtlebot3_Sim/turtlebot3_ws/install/turtlebot3_msgs/local/lib/python3.10/dist-packages:${PYTHONPATH} /usr/bin/python3 setup.py egg_info --egg-base ../../../build/turtlebot3_example build --build-base /home/kaiw/Turtlebot3_Sim/turtlebot3_ws/build/turtlebot3_example/build install --record /home/kaiw/Turtlebot3_Sim/turtlebot3_ws/build/turtlebot3_example/install.log --single-version-externally-managed
