[0.014s] Invoking command in '/home/kaiw/Turtlebot3_Sim/turtlebot3_ws/build/turtlebot3_cartographer': CMAKE_PREFIX_PATH=/opt/ros/humble /usr/bin/cmake /home/kaiw/Turtlebot3_Sim/turtlebot3_ws/src/turtlebot3/turtlebot3_cartographer -DCMAKE_INSTALL_PREFIX=/home/kaiw/Turtlebot3_Sim/turtlebot3_ws/install/turtlebot3_cartographer
[0.053s] -- The C compiler identification is GNU 11.4.0
[0.081s] -- The CXX compiler identification is GNU 11.4.0
[0.085s] -- Detecting C compiler ABI info
[0.120s] -- Detecting C compiler ABI info - done
[0.124s] -- Check for working C compiler: /usr/bin/cc - skipped
[0.124s] -- Detecting C compile features
[0.124s] -- Detecting C compile features - done
[0.126s] -- Detecting CXX compiler ABI info
[0.166s] -- Detecting CXX compiler ABI info - done
[0.170s] -- Check for working CXX compiler: /usr/bin/c++ - skipped
[0.170s] -- Detecting CXX compile features
[0.171s] -- Detecting CXX compile features - done
[0.172s] -- Found ament_cmake: 1.3.5 (/opt/ros/humble/share/ament_cmake/cmake)
[0.254s] -- Found Python3: /usr/bin/python3.10 (found version "3.10.12") found components: Interpreter 
[0.326s] -- Configuring done
[0.327s] -- Generating done
[0.328s] -- Build files have been written to: /home/kaiw/Turtlebot3_Sim/turtlebot3_ws/build/turtlebot3_cartographer
[0.331s] Invoked command in '/home/kaiw/Turtlebot3_Sim/turtlebot3_ws/build/turtlebot3_cartographer' returned '0': CMAKE_PREFIX_PATH=/opt/ros/humble /usr/bin/cmake /home/kaiw/Turtlebot3_Sim/turtlebot3_ws/src/turtlebot3/turtlebot3_cartographer -DCMAKE_INSTALL_PREFIX=/home/kaiw/Turtlebot3_Sim/turtlebot3_ws/install/turtlebot3_cartographer
[0.332s] Invoking command in '/home/kaiw/Turtlebot3_Sim/turtlebot3_ws/build/turtlebot3_cartographer': CMAKE_PREFIX_PATH=/opt/ros/humble /usr/bin/cmake --build /home/kaiw/Turtlebot3_Sim/turtlebot3_ws/build/turtlebot3_cartographer -- -j32 -l32
[0.352s] Invoked command in '/home/kaiw/Turtlebot3_Sim/turtlebot3_ws/build/turtlebot3_cartographer' returned '0': CMAKE_PREFIX_PATH=/opt/ros/humble /usr/bin/cmake --build /home/kaiw/Turtlebot3_Sim/turtlebot3_ws/build/turtlebot3_cartographer -- -j32 -l32
[0.369s] Invoking command in '/home/kaiw/Turtlebot3_Sim/turtlebot3_ws/build/turtlebot3_cartographer': CMAKE_PREFIX_PATH=/opt/ros/humble /usr/bin/cmake --install /home/kaiw/Turtlebot3_Sim/turtlebot3_ws/build/turtlebot3_cartographer
[0.373s] -- Install configuration: ""
[0.373s] -- Installing: /home/kaiw/Turtlebot3_Sim/turtlebot3_ws/install/turtlebot3_cartographer/share/turtlebot3_cartographer/config
[0.373s] -- Installing: /home/kaiw/Turtlebot3_Sim/turtlebot3_ws/install/turtlebot3_cartographer/share/turtlebot3_cartographer/config/turtlebot3_lds_2d.lua
[0.373s] -- Installing: /home/kaiw/Turtlebot3_Sim/turtlebot3_ws/install/turtlebot3_cartographer/share/turtlebot3_cartographer/launch
[0.373s] -- Installing: /home/kaiw/Turtlebot3_Sim/turtlebot3_ws/install/turtlebot3_cartographer/share/turtlebot3_cartographer/launch/occupancy_grid.launch.py
[0.373s] -- Installing: /home/kaiw/Turtlebot3_Sim/turtlebot3_ws/install/turtlebot3_cartographer/share/turtlebot3_cartographer/launch/cartographer.launch.py
[0.373s] -- Installing: /home/kaiw/Turtlebot3_Sim/turtlebot3_ws/install/turtlebot3_cartographer/share/turtlebot3_cartographer/rviz
[0.373s] -- Installing: /home/kaiw/Turtlebot3_Sim/turtlebot3_ws/install/turtlebot3_cartographer/share/turtlebot3_cartographer/rviz/tb3_cartographer.rviz
[0.374s] -- Installing: /home/kaiw/Turtlebot3_Sim/turtlebot3_ws/install/turtlebot3_cartographer/share/ament_index/resource_index/package_run_dependencies/turtlebot3_cartographer
[0.374s] -- Installing: /home/kaiw/Turtlebot3_Sim/turtlebot3_ws/install/turtlebot3_cartographer/share/ament_index/resource_index/parent_prefix_path/turtlebot3_cartographer
[0.374s] -- Installing: /home/kaiw/Turtlebot3_Sim/turtlebot3_ws/install/turtlebot3_cartographer/share/turtlebot3_cartographer/environment/ament_prefix_path.sh
[0.374s] -- Installing: /home/kaiw/Turtlebot3_Sim/turtlebot3_ws/install/turtlebot3_cartographer/share/turtlebot3_cartographer/environment/ament_prefix_path.dsv
[0.374s] -- Installing: /home/kaiw/Turtlebot3_Sim/turtlebot3_ws/install/turtlebot3_cartographer/share/turtlebot3_cartographer/environment/path.sh
[0.374s] -- Installing: /home/kaiw/Turtlebot3_Sim/turtlebot3_ws/install/turtlebot3_cartographer/share/turtlebot3_cartographer/environment/path.dsv
[0.374s] -- Installing: /home/kaiw/Turtlebot3_Sim/turtlebot3_ws/install/turtlebot3_cartographer/share/turtlebot3_cartographer/local_setup.bash
[0.374s] -- Installing: /home/kaiw/Turtlebot3_Sim/turtlebot3_ws/install/turtlebot3_cartographer/share/turtlebot3_cartographer/local_setup.sh
[0.374s] -- Installing: /home/kaiw/Turtlebot3_Sim/turtlebot3_ws/install/turtlebot3_cartographer/share/turtlebot3_cartographer/local_setup.zsh
[0.374s] -- Installing: /home/kaiw/Turtlebot3_Sim/turtlebot3_ws/install/turtlebot3_cartographer/share/turtlebot3_cartographer/local_setup.dsv
[0.374s] -- Installing: /home/kaiw/Turtlebot3_Sim/turtlebot3_ws/install/turtlebot3_cartographer/share/turtlebot3_cartographer/package.dsv
[0.374s] -- Installing: /home/kaiw/Turtlebot3_Sim/turtlebot3_ws/install/turtlebot3_cartographer/share/ament_index/resource_index/packages/turtlebot3_cartographer
[0.374s] -- Installing: /home/kaiw/Turtlebot3_Sim/turtlebot3_ws/install/turtlebot3_cartographer/share/turtlebot3_cartographer/cmake/turtlebot3_cartographerConfig.cmake
[0.374s] -- Installing: /home/kaiw/Turtlebot3_Sim/turtlebot3_ws/install/turtlebot3_cartographer/share/turtlebot3_cartographer/cmake/turtlebot3_cartographerConfig-version.cmake
[0.374s] -- Installing: /home/kaiw/Turtlebot3_Sim/turtlebot3_ws/install/turtlebot3_cartographer/share/turtlebot3_cartographer/package.xml
[0.389s] Invoked command in '/home/kaiw/Turtlebot3_Sim/turtlebot3_ws/build/turtlebot3_cartographer' returned '0': CMAKE_PREFIX_PATH=/opt/ros/humble /usr/bin/cmake --install /home/kaiw/Turtlebot3_Sim/turtlebot3_ws/build/turtlebot3_cartographer
