[0.014s] Invoking command in '/home/kaiw/Turtlebot3_Sim/turtlebot3_ws/build/turtlebot3_gazebo': CMAKE_PREFIX_PATH=/opt/ros/humble /usr/bin/cmake /home/kaiw/Turtlebot3_Sim/turtlebot3_ws/src/turtlebot3_simulations/turtlebot3_gazebo -DCMAKE_INSTALL_PREFIX=/home/kaiw/Turtlebot3_Sim/turtlebot3_ws/install/turtlebot3_gazebo
[0.051s] -- The C compiler identification is GNU 11.4.0
[0.078s] -- The CXX compiler identification is GNU 11.4.0
[0.082s] -- Detecting C compiler ABI info
[0.120s] -- Detecting C compiler ABI info - done
[0.124s] -- Check for working C compiler: /usr/bin/cc - skipped
[0.124s] -- Detecting C compile features
[0.124s] -- Detecting C compile features - done
[0.126s] -- Detecting CXX compiler ABI info
[0.165s] -- Detecting CXX compiler ABI info - done
[0.168s] -- Check for working CXX compiler: /usr/bin/c++ - skipped
[0.169s] -- Detecting CXX compile features
[0.169s] -- Detecting CXX compile features - done
[0.170s] -- Found ament_cmake: 1.3.5 (/opt/ros/humble/share/ament_cmake/cmake)
[0.259s] -- Found Python3: /usr/bin/python3.10 (found version "3.10.12") found components: Interpreter 
[0.300s] [33mCMake Warning (dev) at /usr/share/cmake-3.22/Modules/FindPackageHandleStandardArgs.cmake:438 (message):
[0.300s]   The package name passed to `find_package_handle_standard_args` (PkgConfig)
[0.300s]   does not match the name of the calling package (gazebo).  This can lead to
[0.300s]   problems in calling code that expects `find_package` result variables
[0.300s]   (e.g., `_FOUND`) to follow a certain pattern.
[0.300s] Call Stack (most recent call first):
[0.300s]   /usr/share/cmake-3.22/Modules/FindPkgConfig.cmake:99 (find_package_handle_standard_args)
[0.300s]   /usr/lib/x86_64-linux-gnu/cmake/gazebo/gazebo-config.cmake:72 (include)
[0.300s]   CMakeLists.txt:23 (find_package)
[0.301s] This warning is for project developers.  Use -Wno-dev to suppress it.
[0.301s] [0m
[0.301s] -- Found PkgConfig: /usr/bin/pkg-config (found version "0.29.2") 
[0.302s] -- Checking for module 'bullet>=2.82'
[0.309s] --   Found bullet, version 3.05
[0.360s] -- Found fcl: /usr/include (found suitable version "0.7.0", minimum required is "0.5.0") 
[0.387s] -- Found assimp: /usr/include (found version "5.2.0") 
[0.401s] -- Found DART: /usr/include (Required is at least version "6.6") found components: dart 
[0.499s] -- Found Boost: /usr/lib/x86_64-linux-gnu/cmake/Boost-1.74.0/BoostConfig.cmake (found suitable version "1.74.0", minimum required is "1.40.0") found components: thread system filesystem program_options regex iostreams date_time 
[0.508s] -- Found Protobuf: /usr/lib/x86_64-linux-gnu/libprotobuf.so (found version "3.12.4") 
[0.510s] -- Looking for ignition-math6 -- found version 6.15.0
[0.513s] -- Searching for dependencies of ignition-math6
[0.514s] -- Looking for OGRE...
[0.514s] -- OGRE_PREFIX_WATCH changed.
[0.518s] -- Checking for module 'OGRE'
[0.523s] --   Found OGRE, version 1.9.0
[0.537s] -- Found Ogre Ghadamon (1.9.0)
[0.543s] -- Found OGRE: optimized;/usr/lib/x86_64-linux-gnu/libOgreMain.so;debug;/usr/lib/x86_64-linux-gnu/libOgreMain.so
[0.549s] -- Looking for OGRE_Paging...
[0.552s] -- Found OGRE_Paging: optimized;/usr/lib/x86_64-linux-gnu/libOgrePaging.so;debug;/usr/lib/x86_64-linux-gnu/libOgrePaging.so
[0.552s] -- Looking for OGRE_Terrain...
[0.555s] -- Found OGRE_Terrain: optimized;/usr/lib/x86_64-linux-gnu/libOgreTerrain.so;debug;/usr/lib/x86_64-linux-gnu/libOgreTerrain.so
[0.555s] -- Looking for OGRE_Property...
[0.557s] -- Found OGRE_Property: optimized;/usr/lib/x86_64-linux-gnu/libOgreProperty.so;debug;/usr/lib/x86_64-linux-gnu/libOgreProperty.so
[0.557s] -- Looking for OGRE_RTShaderSystem...
[0.560s] -- Found OGRE_RTShaderSystem: optimized;/usr/lib/x86_64-linux-gnu/libOgreRTShaderSystem.so;debug;/usr/lib/x86_64-linux-gnu/libOgreRTShaderSystem.so
[0.560s] -- Looking for OGRE_Volume...
[0.562s] -- Found OGRE_Volume: optimized;/usr/lib/x86_64-linux-gnu/libOgreVolume.so;debug;/usr/lib/x86_64-linux-gnu/libOgreVolume.so
[0.562s] -- Looking for OGRE_Overlay...
[0.565s] -- Found OGRE_Overlay: optimized;/usr/lib/x86_64-linux-gnu/libOgreOverlay.so;debug;/usr/lib/x86_64-linux-gnu/libOgreOverlay.so
[0.619s] -- Looking for ignition-math6 -- found version 6.15.0
[0.620s] -- Looking for ignition-transport8 -- found version 8.2.1
[0.620s] -- Searching for dependencies of ignition-transport8
[0.630s] -- Found Protobuf: /usr/lib/x86_64-linux-gnu/libprotobuf.so (found suitable version "3.12.4", minimum required is "3") 
[0.635s] -- Config-file not installed for ZeroMQ -- checking for pkg-config
[0.638s] -- Checking for module 'libzmq >= 4'
[0.643s] --   Found libzmq , version 4.3.4
[0.663s] -- Found ZeroMQ: TRUE (Required is at least version "4") 
[0.665s] -- Checking for module 'uuid'
[0.671s] --   Found uuid, version 2.37.2
[0.686s] -- Found UUID: TRUE  
[0.687s] -- Looking for ignition-msgs5 -- found version 5.8.1
[0.687s] -- Searching for dependencies of ignition-msgs5
[0.696s] -- Looking for ignition-math6 -- found version 6.15.0
[0.699s] -- Checking for module 'tinyxml2'
[0.705s] --   Found tinyxml2, version 9.0.0
[0.720s] -- Looking for ignition-msgs5 -- found version 5.8.1
[0.720s] -- Looking for ignition-common3 -- found version 3.14.0
[0.721s] -- Searching for dependencies of ignition-common3
[0.721s] -- Looking for dlfcn.h - found
[0.721s] -- Looking for libdl - found
[0.722s] -- Found DL: TRUE  
[0.727s] -- Found tinyobjloader: /usr/lib/x86_64-linux-gnu/cmake/tinyobjloader/tinyobjloader-config.cmake (found version "2.0.0") 
[0.727s] -- Searching for <ignition-common3> component [graphics]
[0.728s] -- Looking for ignition-common3-graphics -- found version 3.14.0
[0.728s] -- Searching for dependencies of ignition-common3-graphics
[0.728s] -- Looking for ignition-math6 -- found version 6.15.0
[0.729s] -- Looking for ignition-fuel_tools4 -- found version 4.4.0
[0.730s] -- Searching for dependencies of ignition-fuel_tools4
[0.760s] -- Found CURL: /usr/lib/x86_64-linux-gnu/libcurl.so (found version "7.81.0")  
[0.764s] -- Checking for module 'jsoncpp'
[0.769s] --   Found jsoncpp, version 1.9.5
[0.784s] -- Found JSONCPP: TRUE  
[0.787s] -- Checking for module 'libzip'
[0.793s] --   Found libzip, version 1.7.3
[0.807s] -- Found ZIP: TRUE  
[0.807s] -- Looking for ignition-common3 -- found version 3.14.0
[0.807s] -- Looking for ignition-math6 -- found version 6.15.0
[0.807s] -- Looking for ignition-msgs5 -- found version 5.8.1
[0.809s] -- Found gazebo_ros_pkgs: 3.7.0 (/opt/ros/humble/share/gazebo_ros_pkgs/cmake)
[0.810s] -- Found geometry_msgs: 4.2.3 (/opt/ros/humble/share/geometry_msgs/cmake)
[0.824s] -- Found rosidl_generator_c: 3.1.5 (/opt/ros/humble/share/rosidl_generator_c/cmake)
[0.826s] -- Found rosidl_adapter: 3.1.5 (/opt/ros/humble/share/rosidl_adapter/cmake)
[0.830s] -- Found rosidl_generator_cpp: 3.1.5 (/opt/ros/humble/share/rosidl_generator_cpp/cmake)
[0.837s] -- Using all available rosidl_typesupport_c: rosidl_typesupport_fastrtps_c;rosidl_typesupport_introspection_c
[0.846s] -- Using all available rosidl_typesupport_cpp: rosidl_typesupport_fastrtps_cpp;rosidl_typesupport_introspection_cpp
[0.910s] -- Found nav_msgs: 4.2.3 (/opt/ros/humble/share/nav_msgs/cmake)
[0.958s] -- Found rclcpp: 16.0.5 (/opt/ros/humble/share/rclcpp/cmake)
[0.989s] -- Found rmw_implementation_cmake: 6.1.1 (/opt/ros/humble/share/rmw_implementation_cmake/cmake)
[0.991s] -- Found rmw_fastrtps_cpp: 6.2.3 (/opt/ros/humble/share/rmw_fastrtps_cpp/cmake)
[1.037s] -- Found OpenSSL: /usr/lib/x86_64-linux-gnu/libcrypto.so (found version "3.0.2")  
[1.049s] -- Found FastRTPS: /opt/ros/humble/include  
[1.075s] -- Using RMW implementation 'rmw_fastrtps_cpp' as default
[1.079s] -- Found Threads: TRUE  
[1.149s] -- Found sensor_msgs: 4.2.3 (/opt/ros/humble/share/sensor_msgs/cmake)
[1.195s] -- Found tf2: 0.25.3 (/opt/ros/humble/share/tf2/cmake)
[1.238s] -- Configuring done
[1.253s] -- Generating done
[1.254s] -- Build files have been written to: /home/kaiw/Turtlebot3_Sim/turtlebot3_ws/build/turtlebot3_gazebo
[1.262s] Invoked command in '/home/kaiw/Turtlebot3_Sim/turtlebot3_ws/build/turtlebot3_gazebo' returned '0': CMAKE_PREFIX_PATH=/opt/ros/humble /usr/bin/cmake /home/kaiw/Turtlebot3_Sim/turtlebot3_ws/src/turtlebot3_simulations/turtlebot3_gazebo -DCMAKE_INSTALL_PREFIX=/home/kaiw/Turtlebot3_Sim/turtlebot3_ws/install/turtlebot3_gazebo
[1.263s] Invoking command in '/home/kaiw/Turtlebot3_Sim/turtlebot3_ws/build/turtlebot3_gazebo': CMAKE_PREFIX_PATH=/opt/ros/humble /usr/bin/cmake --build /home/kaiw/Turtlebot3_Sim/turtlebot3_ws/build/turtlebot3_gazebo -- -j32 -l32
[1.291s] [ 25%] [32mBuilding CXX object CMakeFiles/obstacles.dir/models/turtlebot3_dqn_world/obstacle_plugin/obstacles.cc.o[0m
[1.291s] [ 25%] [32mBuilding CXX object CMakeFiles/turtlebot3_drive.dir/src/turtlebot3_drive.cpp.o[0m
[1.292s] [ 50%] [32mBuilding CXX object CMakeFiles/obstacle1.dir/models/turtlebot3_dqn_world/obstacle_plugin/obstacle1.cc.o[0m
[1.292s] [ 50%] [32mBuilding CXX object CMakeFiles/obstacle2.dir/models/turtlebot3_dqn_world/obstacle_plugin/obstacle2.cc.o[0m
[8.360s] [ 62%] [32m[1mLinking CXX shared library libobstacle1.so[0m
[8.484s] [ 62%] Built target obstacle1
[8.630s] [ 75%] [32m[1mLinking CXX shared library libobstacle2.so[0m
[8.659s] [ 87%] [32m[1mLinking CXX executable turtlebot3_drive[0m
[8.748s] [ 87%] Built target obstacle2
[8.941s] [ 87%] Built target turtlebot3_drive
[9.086s] [100%] [32m[1mLinking CXX shared library libobstacles.so[0m
[9.196s] [100%] Built target obstacles
[9.204s] Invoked command in '/home/kaiw/Turtlebot3_Sim/turtlebot3_ws/build/turtlebot3_gazebo' returned '0': CMAKE_PREFIX_PATH=/opt/ros/humble /usr/bin/cmake --build /home/kaiw/Turtlebot3_Sim/turtlebot3_ws/build/turtlebot3_gazebo -- -j32 -l32
[9.219s] Invoking command in '/home/kaiw/Turtlebot3_Sim/turtlebot3_ws/build/turtlebot3_gazebo': CMAKE_PREFIX_PATH=/opt/ros/humble /usr/bin/cmake --install /home/kaiw/Turtlebot3_Sim/turtlebot3_ws/build/turtlebot3_gazebo
[9.222s] -- Install configuration: ""
[9.222s] -- Installing: /home/kaiw/Turtlebot3_Sim/turtlebot3_ws/install/turtlebot3_gazebo/lib/turtlebot3_gazebo/turtlebot3_drive
[9.225s] -- Set runtime path of "/home/kaiw/Turtlebot3_Sim/turtlebot3_ws/install/turtlebot3_gazebo/lib/turtlebot3_gazebo/turtlebot3_drive" to ""
[9.225s] -- Installing: /home/kaiw/Turtlebot3_Sim/turtlebot3_ws/install/turtlebot3_gazebo/share/turtlebot3_gazebo//launch
[9.225s] -- Installing: /home/kaiw/Turtlebot3_Sim/turtlebot3_ws/install/turtlebot3_gazebo/share/turtlebot3_gazebo//launch/robot_state_publisher.launch.py
[9.226s] -- Installing: /home/kaiw/Turtlebot3_Sim/turtlebot3_ws/install/turtlebot3_gazebo/share/turtlebot3_gazebo//launch/turtlebot3_dqn_stage4.launch.py
[9.226s] -- Installing: /home/kaiw/Turtlebot3_Sim/turtlebot3_ws/install/turtlebot3_gazebo/share/turtlebot3_gazebo//launch/spawn_turtlebot3.launch.py
[9.226s] -- Installing: /home/kaiw/Turtlebot3_Sim/turtlebot3_ws/install/turtlebot3_gazebo/share/turtlebot3_gazebo//launch/turtlebot3_house.launch.py
[9.226s] -- Installing: /home/kaiw/Turtlebot3_Sim/turtlebot3_ws/install/turtlebot3_gazebo/share/turtlebot3_gazebo//launch/turtlebot3_dqn_stage1.launch.py
[9.226s] -- Installing: /home/kaiw/Turtlebot3_Sim/turtlebot3_ws/install/turtlebot3_gazebo/share/turtlebot3_gazebo//launch/turtlebot3_dqn_stage2.launch.py
[9.226s] -- Installing: /home/kaiw/Turtlebot3_Sim/turtlebot3_ws/install/turtlebot3_gazebo/share/turtlebot3_gazebo//launch/turtlebot3_world.launch.py
[9.226s] -- Installing: /home/kaiw/Turtlebot3_Sim/turtlebot3_ws/install/turtlebot3_gazebo/share/turtlebot3_gazebo//launch/turtlebot3_dqn_stage3.launch.py
[9.226s] -- Installing: /home/kaiw/Turtlebot3_Sim/turtlebot3_ws/install/turtlebot3_gazebo/share/turtlebot3_gazebo//launch/empty_world.launch.py
[9.226s] -- Installing: /home/kaiw/Turtlebot3_Sim/turtlebot3_ws/install/turtlebot3_gazebo/share/turtlebot3_gazebo//models
[9.226s] -- Installing: /home/kaiw/Turtlebot3_Sim/turtlebot3_ws/install/turtlebot3_gazebo/share/turtlebot3_gazebo//models/turtlebot3_common
[9.226s] -- Installing: /home/kaiw/Turtlebot3_Sim/turtlebot3_ws/install/turtlebot3_gazebo/share/turtlebot3_gazebo//models/turtlebot3_common/model.config
[9.226s] -- Installing: /home/kaiw/Turtlebot3_Sim/turtlebot3_ws/install/turtlebot3_gazebo/share/turtlebot3_gazebo//models/turtlebot3_common/meshes
[9.226s] -- Installing: /home/kaiw/Turtlebot3_Sim/turtlebot3_ws/install/turtlebot3_gazebo/share/turtlebot3_gazebo//models/turtlebot3_common/meshes/waffle_pi_base.dae
[9.227s] -- Installing: /home/kaiw/Turtlebot3_Sim/turtlebot3_ws/install/turtlebot3_gazebo/share/turtlebot3_gazebo//models/turtlebot3_common/meshes/waffle_base.dae
[9.227s] -- Installing: /home/kaiw/Turtlebot3_Sim/turtlebot3_ws/install/turtlebot3_gazebo/share/turtlebot3_gazebo//models/turtlebot3_common/meshes/burger_base.dae
[9.227s] -- Installing: /home/kaiw/Turtlebot3_Sim/turtlebot3_ws/install/turtlebot3_gazebo/share/turtlebot3_gazebo//models/turtlebot3_common/meshes/lds.dae
[9.227s] -- Installing: /home/kaiw/Turtlebot3_Sim/turtlebot3_ws/install/turtlebot3_gazebo/share/turtlebot3_gazebo//models/turtlebot3_common/meshes/tire.dae
[9.227s] -- Installing: /home/kaiw/Turtlebot3_Sim/turtlebot3_ws/install/turtlebot3_gazebo/share/turtlebot3_gazebo//models/turtlebot3_common/meshes/r200.dae
[9.228s] -- Installing: /home/kaiw/Turtlebot3_Sim/turtlebot3_ws/install/turtlebot3_gazebo/share/turtlebot3_gazebo//models/turtlebot3_house
[9.228s] -- Installing: /home/kaiw/Turtlebot3_Sim/turtlebot3_ws/install/turtlebot3_gazebo/share/turtlebot3_gazebo//models/turtlebot3_house/model.config
[9.228s] -- Installing: /home/kaiw/Turtlebot3_Sim/turtlebot3_ws/install/turtlebot3_gazebo/share/turtlebot3_gazebo//models/turtlebot3_house/model.sdf
[9.228s] -- Installing: /home/kaiw/Turtlebot3_Sim/turtlebot3_ws/install/turtlebot3_gazebo/share/turtlebot3_gazebo//models/turtlebot3_burger
[9.228s] -- Installing: /home/kaiw/Turtlebot3_Sim/turtlebot3_ws/install/turtlebot3_gazebo/share/turtlebot3_gazebo//models/turtlebot3_burger/model.config
[9.228s] -- Installing: /home/kaiw/Turtlebot3_Sim/turtlebot3_ws/install/turtlebot3_gazebo/share/turtlebot3_gazebo//models/turtlebot3_burger/model.sdf
[9.228s] -- Installing: /home/kaiw/Turtlebot3_Sim/turtlebot3_ws/install/turtlebot3_gazebo/share/turtlebot3_gazebo//models/turtlebot3_burger/model-1_4.sdf
[9.228s] -- Installing: /home/kaiw/Turtlebot3_Sim/turtlebot3_ws/install/turtlebot3_gazebo/share/turtlebot3_gazebo//models/turtlebot3_waffle_pi
[9.228s] -- Installing: /home/kaiw/Turtlebot3_Sim/turtlebot3_ws/install/turtlebot3_gazebo/share/turtlebot3_gazebo//models/turtlebot3_waffle_pi/model.config
[9.228s] -- Installing: /home/kaiw/Turtlebot3_Sim/turtlebot3_ws/install/turtlebot3_gazebo/share/turtlebot3_gazebo//models/turtlebot3_waffle_pi/model.sdf
[9.228s] -- Installing: /home/kaiw/Turtlebot3_Sim/turtlebot3_ws/install/turtlebot3_gazebo/share/turtlebot3_gazebo//models/turtlebot3_waffle_pi/model-1_4_.sdf
[9.229s] -- Installing: /home/kaiw/Turtlebot3_Sim/turtlebot3_ws/install/turtlebot3_gazebo/share/turtlebot3_gazebo//models/turtlebot3_world
[9.229s] -- Installing: /home/kaiw/Turtlebot3_Sim/turtlebot3_ws/install/turtlebot3_gazebo/share/turtlebot3_gazebo//models/turtlebot3_world/model.config
[9.229s] -- Installing: /home/kaiw/Turtlebot3_Sim/turtlebot3_ws/install/turtlebot3_gazebo/share/turtlebot3_gazebo//models/turtlebot3_world/meshes
[9.229s] -- Installing: /home/kaiw/Turtlebot3_Sim/turtlebot3_ws/install/turtlebot3_gazebo/share/turtlebot3_gazebo//models/turtlebot3_world/meshes/hexagon.dae
[9.229s] -- Installing: /home/kaiw/Turtlebot3_Sim/turtlebot3_ws/install/turtlebot3_gazebo/share/turtlebot3_gazebo//models/turtlebot3_world/meshes/wall.dae
[9.229s] -- Installing: /home/kaiw/Turtlebot3_Sim/turtlebot3_ws/install/turtlebot3_gazebo/share/turtlebot3_gazebo//models/turtlebot3_world/model.sdf
[9.229s] -- Installing: /home/kaiw/Turtlebot3_Sim/turtlebot3_ws/install/turtlebot3_gazebo/share/turtlebot3_gazebo//models/turtlebot3_world/model-1_4.sdf
[9.229s] -- Installing: /home/kaiw/Turtlebot3_Sim/turtlebot3_ws/install/turtlebot3_gazebo/share/turtlebot3_gazebo//models/turtlebot3_waffle
[9.229s] -- Installing: /home/kaiw/Turtlebot3_Sim/turtlebot3_ws/install/turtlebot3_gazebo/share/turtlebot3_gazebo//models/turtlebot3_waffle/model.config
[9.229s] -- Installing: /home/kaiw/Turtlebot3_Sim/turtlebot3_ws/install/turtlebot3_gazebo/share/turtlebot3_gazebo//models/turtlebot3_waffle/model.sdf
[9.229s] -- Installing: /home/kaiw/Turtlebot3_Sim/turtlebot3_ws/install/turtlebot3_gazebo/share/turtlebot3_gazebo//models/turtlebot3_waffle/model-1_4.sdf
[9.229s] -- Installing: /home/kaiw/Turtlebot3_Sim/turtlebot3_ws/install/turtlebot3_gazebo/share/turtlebot3_gazebo//models/turtlebot3_dqn_world
[9.229s] -- Installing: /home/kaiw/Turtlebot3_Sim/turtlebot3_ws/install/turtlebot3_gazebo/share/turtlebot3_gazebo//models/turtlebot3_dqn_world/inner_walls
[9.229s] -- Installing: /home/kaiw/Turtlebot3_Sim/turtlebot3_ws/install/turtlebot3_gazebo/share/turtlebot3_gazebo//models/turtlebot3_dqn_world/inner_walls/model.config
[9.229s] -- Installing: /home/kaiw/Turtlebot3_Sim/turtlebot3_ws/install/turtlebot3_gazebo/share/turtlebot3_gazebo//models/turtlebot3_dqn_world/inner_walls/model.sdf
[9.230s] -- Installing: /home/kaiw/Turtlebot3_Sim/turtlebot3_ws/install/turtlebot3_gazebo/share/turtlebot3_gazebo//models/turtlebot3_dqn_world/goal_box
[9.230s] -- Installing: /home/kaiw/Turtlebot3_Sim/turtlebot3_ws/install/turtlebot3_gazebo/share/turtlebot3_gazebo//models/turtlebot3_dqn_world/goal_box/model.config
[9.230s] -- Installing: /home/kaiw/Turtlebot3_Sim/turtlebot3_ws/install/turtlebot3_gazebo/share/turtlebot3_gazebo//models/turtlebot3_dqn_world/goal_box/model.sdf
[9.230s] -- Installing: /home/kaiw/Turtlebot3_Sim/turtlebot3_ws/install/turtlebot3_gazebo/share/turtlebot3_gazebo//models/turtlebot3_dqn_world/obstacle_plugin
[9.230s] -- Installing: /home/kaiw/Turtlebot3_Sim/turtlebot3_ws/install/turtlebot3_gazebo/share/turtlebot3_gazebo//models/turtlebot3_dqn_world/obstacle_plugin/CMakeLists.txt
[9.230s] -- Installing: /home/kaiw/Turtlebot3_Sim/turtlebot3_ws/install/turtlebot3_gazebo/share/turtlebot3_gazebo//models/turtlebot3_dqn_world/obstacle_plugin/obstacle2.cc
[9.230s] -- Installing: /home/kaiw/Turtlebot3_Sim/turtlebot3_ws/install/turtlebot3_gazebo/share/turtlebot3_gazebo//models/turtlebot3_dqn_world/obstacle_plugin/obstacle1.cc
[9.230s] -- Installing: /home/kaiw/Turtlebot3_Sim/turtlebot3_ws/install/turtlebot3_gazebo/share/turtlebot3_gazebo//models/turtlebot3_dqn_world/obstacle_plugin/obstacles.cc
[9.230s] -- Installing: /home/kaiw/Turtlebot3_Sim/turtlebot3_ws/install/turtlebot3_gazebo/share/turtlebot3_gazebo//models/turtlebot3_dqn_world/model.config
[9.230s] -- Installing: /home/kaiw/Turtlebot3_Sim/turtlebot3_ws/install/turtlebot3_gazebo/share/turtlebot3_gazebo//models/turtlebot3_dqn_world/obstacle2
[9.230s] -- Installing: /home/kaiw/Turtlebot3_Sim/turtlebot3_ws/install/turtlebot3_gazebo/share/turtlebot3_gazebo//models/turtlebot3_dqn_world/obstacle2/model.config
[9.230s] -- Installing: /home/kaiw/Turtlebot3_Sim/turtlebot3_ws/install/turtlebot3_gazebo/share/turtlebot3_gazebo//models/turtlebot3_dqn_world/obstacle2/model.sdf
[9.230s] -- Installing: /home/kaiw/Turtlebot3_Sim/turtlebot3_ws/install/turtlebot3_gazebo/share/turtlebot3_gazebo//models/turtlebot3_dqn_world/model.sdf
[9.230s] -- Installing: /home/kaiw/Turtlebot3_Sim/turtlebot3_ws/install/turtlebot3_gazebo/share/turtlebot3_gazebo//models/turtlebot3_dqn_world/obstacles
[9.231s] -- Installing: /home/kaiw/Turtlebot3_Sim/turtlebot3_ws/install/turtlebot3_gazebo/share/turtlebot3_gazebo//models/turtlebot3_dqn_world/obstacles/model.config
[9.231s] -- Installing: /home/kaiw/Turtlebot3_Sim/turtlebot3_ws/install/turtlebot3_gazebo/share/turtlebot3_gazebo//models/turtlebot3_dqn_world/obstacles/model.sdf
[9.231s] -- Installing: /home/kaiw/Turtlebot3_Sim/turtlebot3_ws/install/turtlebot3_gazebo/share/turtlebot3_gazebo//models/turtlebot3_dqn_world/obstacle1
[9.231s] -- Installing: /home/kaiw/Turtlebot3_Sim/turtlebot3_ws/install/turtlebot3_gazebo/share/turtlebot3_gazebo//models/turtlebot3_dqn_world/obstacle1/model.config
[9.231s] -- Installing: /home/kaiw/Turtlebot3_Sim/turtlebot3_ws/install/turtlebot3_gazebo/share/turtlebot3_gazebo//models/turtlebot3_dqn_world/obstacle1/model.sdf
[9.231s] -- Installing: /home/kaiw/Turtlebot3_Sim/turtlebot3_ws/install/turtlebot3_gazebo/share/turtlebot3_gazebo//rviz
[9.231s] -- Installing: /home/kaiw/Turtlebot3_Sim/turtlebot3_ws/install/turtlebot3_gazebo/share/turtlebot3_gazebo//rviz/tb3_gazebo.rviz
[9.231s] -- Installing: /home/kaiw/Turtlebot3_Sim/turtlebot3_ws/install/turtlebot3_gazebo/share/turtlebot3_gazebo//urdf
[9.231s] -- Installing: /home/kaiw/Turtlebot3_Sim/turtlebot3_ws/install/turtlebot3_gazebo/share/turtlebot3_gazebo//urdf/common_properties.urdf
[9.231s] -- Installing: /home/kaiw/Turtlebot3_Sim/turtlebot3_ws/install/turtlebot3_gazebo/share/turtlebot3_gazebo//urdf/turtlebot3_waffle_pi.urdf
[9.231s] -- Installing: /home/kaiw/Turtlebot3_Sim/turtlebot3_ws/install/turtlebot3_gazebo/share/turtlebot3_gazebo//urdf/turtlebot3_burger.urdf
[9.231s] -- Installing: /home/kaiw/Turtlebot3_Sim/turtlebot3_ws/install/turtlebot3_gazebo/share/turtlebot3_gazebo//urdf/turtlebot3_waffle.urdf
[9.231s] -- Installing: /home/kaiw/Turtlebot3_Sim/turtlebot3_ws/install/turtlebot3_gazebo/share/turtlebot3_gazebo//worlds
[9.231s] -- Installing: /home/kaiw/Turtlebot3_Sim/turtlebot3_ws/install/turtlebot3_gazebo/share/turtlebot3_gazebo//worlds/turtlebot3_dqn_stage2.world
[9.231s] -- Installing: /home/kaiw/Turtlebot3_Sim/turtlebot3_ws/install/turtlebot3_gazebo/share/turtlebot3_gazebo//worlds/turtlebot3_dqn_stage3.world
[9.231s] -- Installing: /home/kaiw/Turtlebot3_Sim/turtlebot3_ws/install/turtlebot3_gazebo/share/turtlebot3_gazebo//worlds/turtlebot3_dqn_stage1.world
[9.232s] -- Installing: /home/kaiw/Turtlebot3_Sim/turtlebot3_ws/install/turtlebot3_gazebo/share/turtlebot3_gazebo//worlds/turtlebot3_dqn_stage4.world
[9.232s] -- Installing: /home/kaiw/Turtlebot3_Sim/turtlebot3_ws/install/turtlebot3_gazebo/share/turtlebot3_gazebo//worlds/empty_world.world
[9.232s] -- Installing: /home/kaiw/Turtlebot3_Sim/turtlebot3_ws/install/turtlebot3_gazebo/share/turtlebot3_gazebo//worlds/turtlebot3_house.world
[9.232s] -- Installing: /home/kaiw/Turtlebot3_Sim/turtlebot3_ws/install/turtlebot3_gazebo/share/turtlebot3_gazebo//worlds/turtlebot3_world.world
[9.232s] -- Installing: /home/kaiw/Turtlebot3_Sim/turtlebot3_ws/install/turtlebot3_gazebo/include/
[9.232s] -- Installing: /home/kaiw/Turtlebot3_Sim/turtlebot3_ws/install/turtlebot3_gazebo/include//turtlebot3_gazebo
[9.232s] -- Installing: /home/kaiw/Turtlebot3_Sim/turtlebot3_ws/install/turtlebot3_gazebo/include//turtlebot3_gazebo/turtlebot3_drive.hpp
[9.232s] -- Installing: /home/kaiw/Turtlebot3_Sim/turtlebot3_ws/install/turtlebot3_gazebo/share/ament_index/resource_index/package_run_dependencies/turtlebot3_gazebo
[9.232s] -- Installing: /home/kaiw/Turtlebot3_Sim/turtlebot3_ws/install/turtlebot3_gazebo/share/ament_index/resource_index/parent_prefix_path/turtlebot3_gazebo
[9.232s] -- Installing: /home/kaiw/Turtlebot3_Sim/turtlebot3_ws/install/turtlebot3_gazebo/share/turtlebot3_gazebo/environment/ament_prefix_path.sh
[9.232s] -- Installing: /home/kaiw/Turtlebot3_Sim/turtlebot3_ws/install/turtlebot3_gazebo/share/turtlebot3_gazebo/environment/ament_prefix_path.dsv
[9.232s] -- Installing: /home/kaiw/Turtlebot3_Sim/turtlebot3_ws/install/turtlebot3_gazebo/share/turtlebot3_gazebo/environment/path.sh
[9.233s] -- Installing: /home/kaiw/Turtlebot3_Sim/turtlebot3_ws/install/turtlebot3_gazebo/share/turtlebot3_gazebo/environment/path.dsv
[9.233s] -- Installing: /home/kaiw/Turtlebot3_Sim/turtlebot3_ws/install/turtlebot3_gazebo/share/turtlebot3_gazebo/local_setup.bash
[9.233s] -- Installing: /home/kaiw/Turtlebot3_Sim/turtlebot3_ws/install/turtlebot3_gazebo/share/turtlebot3_gazebo/local_setup.sh
[9.233s] -- Installing: /home/kaiw/Turtlebot3_Sim/turtlebot3_ws/install/turtlebot3_gazebo/share/turtlebot3_gazebo/local_setup.zsh
[9.233s] -- Installing: /home/kaiw/Turtlebot3_Sim/turtlebot3_ws/install/turtlebot3_gazebo/share/turtlebot3_gazebo/local_setup.dsv
[9.233s] -- Installing: /home/kaiw/Turtlebot3_Sim/turtlebot3_ws/install/turtlebot3_gazebo/share/turtlebot3_gazebo/package.dsv
[9.233s] -- Installing: /home/kaiw/Turtlebot3_Sim/turtlebot3_ws/install/turtlebot3_gazebo/share/ament_index/resource_index/packages/turtlebot3_gazebo
[9.233s] -- Installing: /home/kaiw/Turtlebot3_Sim/turtlebot3_ws/install/turtlebot3_gazebo/share/turtlebot3_gazebo/cmake/ament_cmake_export_include_directories-extras.cmake
[9.233s] -- Installing: /home/kaiw/Turtlebot3_Sim/turtlebot3_ws/install/turtlebot3_gazebo/share/turtlebot3_gazebo/cmake/ament_cmake_export_dependencies-extras.cmake
[9.233s] -- Installing: /home/kaiw/Turtlebot3_Sim/turtlebot3_ws/install/turtlebot3_gazebo/share/turtlebot3_gazebo/cmake/turtlebot3_gazeboConfig.cmake
[9.233s] -- Installing: /home/kaiw/Turtlebot3_Sim/turtlebot3_ws/install/turtlebot3_gazebo/share/turtlebot3_gazebo/cmake/turtlebot3_gazeboConfig-version.cmake
[9.234s] -- Installing: /home/kaiw/Turtlebot3_Sim/turtlebot3_ws/install/turtlebot3_gazebo/share/turtlebot3_gazebo/package.xml
[9.235s] Invoked command in '/home/kaiw/Turtlebot3_Sim/turtlebot3_ws/build/turtlebot3_gazebo' returned '0': CMAKE_PREFIX_PATH=/opt/ros/humble /usr/bin/cmake --install /home/kaiw/Turtlebot3_Sim/turtlebot3_ws/build/turtlebot3_gazebo
