[0.012s] Invoking command in '/home/kaiw/Turtlebot3_Sim/turtlebot3_ws/build/dynamixel_sdk_examples': AMENT_PREFIX_PATH=/home/kaiw/Turtlebot3_Sim/turtlebot3_ws/install/dynamixel_sdk_custom_interfaces:/home/kaiw/Turtlebot3_Sim/turtlebot3_ws/install/dynamixel_sdk:${AMENT_PREFIX_PATH} CMAKE_PREFIX_PATH=/home/kaiw/Turtlebot3_Sim/turtlebot3_ws/install/dynamixel_sdk_custom_interfaces:/home/kaiw/Turtlebot3_Sim/turtlebot3_ws/install/dynamixel_sdk:/opt/ros/humble LD_LIBRARY_PATH=/home/kaiw/Turtlebot3_Sim/turtlebot3_ws/install/dynamixel_sdk_custom_interfaces/lib:/home/kaiw/Turtlebot3_Sim/turtlebot3_ws/install/dynamixel_sdk/lib:${LD_LIBRARY_PATH} PYTHONPATH=/home/kaiw/Turtlebot3_Sim/turtlebot3_ws/install/dynamixel_sdk_custom_interfaces/local/lib/python3.10/dist-packages:${PYTHONPATH} /usr/bin/cmake /home/kaiw/Turtlebot3_Sim/turtlebot3_ws/src/DynamixelSDK/dynamixel_sdk_examples -DCMAKE_INSTALL_PREFIX=/home/kaiw/Turtlebot3_Sim/turtlebot3_ws/install/dynamixel_sdk_examples
[0.055s] -- The C compiler identification is GNU 11.4.0
[0.088s] -- The CXX compiler identification is GNU 11.4.0
[0.093s] -- Detecting C compiler ABI info
[0.136s] -- Detecting C compiler ABI info - done
[0.143s] -- Check for working C compiler: /usr/bin/cc - skipped
[0.143s] -- Detecting C compile features
[0.143s] -- Detecting C compile features - done
[0.146s] -- Detecting CXX compiler ABI info
[0.191s] -- Detecting CXX compiler ABI info - done
[0.197s] -- Check for working CXX compiler: /usr/bin/c++ - skipped
[0.198s] -- Detecting CXX compile features
[0.198s] -- Detecting CXX compile features - done
[0.200s] -- Found ament_cmake: 1.3.5 (/opt/ros/humble/share/ament_cmake/cmake)
[0.299s] -- Found Python3: /usr/bin/python3.10 (found version "3.10.12") found components: Interpreter 
[0.343s] -- Found dynamixel_sdk: 3.7.60 (/home/kaiw/Turtlebot3_Sim/turtlebot3_ws/install/dynamixel_sdk/share/dynamixel_sdk/cmake)
[0.344s] -- Found dynamixel_sdk_custom_interfaces: 3.7.60 (/home/kaiw/Turtlebot3_Sim/turtlebot3_ws/install/dynamixel_sdk_custom_interfaces/share/dynamixel_sdk_custom_interfaces/cmake)
[0.371s] -- Found rosidl_generator_c: 3.1.5 (/opt/ros/humble/share/rosidl_generator_c/cmake)
[0.375s] -- Found rosidl_adapter: 3.1.5 (/opt/ros/humble/share/rosidl_adapter/cmake)
[0.381s] -- Found rosidl_generator_cpp: 3.1.5 (/opt/ros/humble/share/rosidl_generator_cpp/cmake)
[0.389s] -- Using all available rosidl_typesupport_c: rosidl_typesupport_fastrtps_c;rosidl_typesupport_introspection_c
[0.398s] -- Using all available rosidl_typesupport_cpp: rosidl_typesupport_fastrtps_cpp;rosidl_typesupport_introspection_cpp
[0.427s] -- Found rclcpp: 16.0.5 (/opt/ros/humble/share/rclcpp/cmake)
[0.457s] -- Found rmw_implementation_cmake: 6.1.1 (/opt/ros/humble/share/rmw_implementation_cmake/cmake)
[0.458s] -- Found rmw_fastrtps_cpp: 6.2.3 (/opt/ros/humble/share/rmw_fastrtps_cpp/cmake)
[0.516s] -- Found OpenSSL: /usr/lib/x86_64-linux-gnu/libcrypto.so (found version "3.0.2")  
[0.531s] -- Found FastRTPS: /opt/ros/humble/include  
[0.557s] -- Using RMW implementation 'rmw_fastrtps_cpp' as default
[0.562s] -- Looking for pthread.h
[0.601s] -- Looking for pthread.h - found
[0.601s] -- Performing Test CMAKE_HAVE_LIBC_PTHREAD
[0.640s] -- Performing Test CMAKE_HAVE_LIBC_PTHREAD - Success
[0.641s] -- Found Threads: TRUE  
[0.725s] -- Found ament_lint_auto: 0.12.7 (/opt/ros/humble/share/ament_lint_auto/cmake)
[0.764s] -- Added test 'copyright' to check source files copyright and LICENSE
[0.764s] -- Added test 'cppcheck' to perform static code analysis on C / C++ code
[0.764s] -- Configured cppcheck include dirs: /home/kaiw/Turtlebot3_Sim/turtlebot3_ws/src/DynamixelSDK/dynamixel_sdk_examples/include
[0.765s] -- Configured cppcheck exclude dirs and/or files: 
[0.765s] -- Added test 'cpplint' to check C / C++ code against the Google style
[0.765s] -- Configured cpplint exclude dirs and/or files: 
[0.765s] -- Added test 'lint_cmake' to check CMake code style
[0.765s] -- Added test 'uncrustify' to check C / C++ code style
[0.765s] -- Configured uncrustify additional arguments: 
[0.766s] -- Added test 'xmllint' to check XML markup files
[0.766s] -- Configuring done
[0.771s] -- Generating done
[0.771s] -- Build files have been written to: /home/kaiw/Turtlebot3_Sim/turtlebot3_ws/build/dynamixel_sdk_examples
[0.778s] Invoked command in '/home/kaiw/Turtlebot3_Sim/turtlebot3_ws/build/dynamixel_sdk_examples' returned '0': AMENT_PREFIX_PATH=/home/kaiw/Turtlebot3_Sim/turtlebot3_ws/install/dynamixel_sdk_custom_interfaces:/home/kaiw/Turtlebot3_Sim/turtlebot3_ws/install/dynamixel_sdk:${AMENT_PREFIX_PATH} CMAKE_PREFIX_PATH=/home/kaiw/Turtlebot3_Sim/turtlebot3_ws/install/dynamixel_sdk_custom_interfaces:/home/kaiw/Turtlebot3_Sim/turtlebot3_ws/install/dynamixel_sdk:/opt/ros/humble LD_LIBRARY_PATH=/home/kaiw/Turtlebot3_Sim/turtlebot3_ws/install/dynamixel_sdk_custom_interfaces/lib:/home/kaiw/Turtlebot3_Sim/turtlebot3_ws/install/dynamixel_sdk/lib:${LD_LIBRARY_PATH} PYTHONPATH=/home/kaiw/Turtlebot3_Sim/turtlebot3_ws/install/dynamixel_sdk_custom_interfaces/local/lib/python3.10/dist-packages:${PYTHONPATH} /usr/bin/cmake /home/kaiw/Turtlebot3_Sim/turtlebot3_ws/src/DynamixelSDK/dynamixel_sdk_examples -DCMAKE_INSTALL_PREFIX=/home/kaiw/Turtlebot3_Sim/turtlebot3_ws/install/dynamixel_sdk_examples
[0.779s] Invoking command in '/home/kaiw/Turtlebot3_Sim/turtlebot3_ws/build/dynamixel_sdk_examples': AMENT_PREFIX_PATH=/home/kaiw/Turtlebot3_Sim/turtlebot3_ws/install/dynamixel_sdk_custom_interfaces:/home/kaiw/Turtlebot3_Sim/turtlebot3_ws/install/dynamixel_sdk:${AMENT_PREFIX_PATH} CMAKE_PREFIX_PATH=/home/kaiw/Turtlebot3_Sim/turtlebot3_ws/install/dynamixel_sdk_custom_interfaces:/home/kaiw/Turtlebot3_Sim/turtlebot3_ws/install/dynamixel_sdk:/opt/ros/humble LD_LIBRARY_PATH=/home/kaiw/Turtlebot3_Sim/turtlebot3_ws/install/dynamixel_sdk_custom_interfaces/lib:/home/kaiw/Turtlebot3_Sim/turtlebot3_ws/install/dynamixel_sdk/lib:${LD_LIBRARY_PATH} PYTHONPATH=/home/kaiw/Turtlebot3_Sim/turtlebot3_ws/install/dynamixel_sdk_custom_interfaces/local/lib/python3.10/dist-packages:${PYTHONPATH} /usr/bin/cmake --build /home/kaiw/Turtlebot3_Sim/turtlebot3_ws/build/dynamixel_sdk_examples -- -j32 -l32
[0.807s] [ 50%] [32mBuilding CXX object CMakeFiles/read_write_node.dir/src/read_write_node.cpp.o[0m
[6.218s] [100%] [32m[1mLinking CXX executable read_write_node[0m
[6.433s] [100%] Built target read_write_node
[6.440s] Invoked command in '/home/kaiw/Turtlebot3_Sim/turtlebot3_ws/build/dynamixel_sdk_examples' returned '0': AMENT_PREFIX_PATH=/home/kaiw/Turtlebot3_Sim/turtlebot3_ws/install/dynamixel_sdk_custom_interfaces:/home/kaiw/Turtlebot3_Sim/turtlebot3_ws/install/dynamixel_sdk:${AMENT_PREFIX_PATH} CMAKE_PREFIX_PATH=/home/kaiw/Turtlebot3_Sim/turtlebot3_ws/install/dynamixel_sdk_custom_interfaces:/home/kaiw/Turtlebot3_Sim/turtlebot3_ws/install/dynamixel_sdk:/opt/ros/humble LD_LIBRARY_PATH=/home/kaiw/Turtlebot3_Sim/turtlebot3_ws/install/dynamixel_sdk_custom_interfaces/lib:/home/kaiw/Turtlebot3_Sim/turtlebot3_ws/install/dynamixel_sdk/lib:${LD_LIBRARY_PATH} PYTHONPATH=/home/kaiw/Turtlebot3_Sim/turtlebot3_ws/install/dynamixel_sdk_custom_interfaces/local/lib/python3.10/dist-packages:${PYTHONPATH} /usr/bin/cmake --build /home/kaiw/Turtlebot3_Sim/turtlebot3_ws/build/dynamixel_sdk_examples -- -j32 -l32
[6.454s] Invoking command in '/home/kaiw/Turtlebot3_Sim/turtlebot3_ws/build/dynamixel_sdk_examples': AMENT_PREFIX_PATH=/home/kaiw/Turtlebot3_Sim/turtlebot3_ws/install/dynamixel_sdk_custom_interfaces:/home/kaiw/Turtlebot3_Sim/turtlebot3_ws/install/dynamixel_sdk:${AMENT_PREFIX_PATH} CMAKE_PREFIX_PATH=/home/kaiw/Turtlebot3_Sim/turtlebot3_ws/install/dynamixel_sdk_custom_interfaces:/home/kaiw/Turtlebot3_Sim/turtlebot3_ws/install/dynamixel_sdk:/opt/ros/humble LD_LIBRARY_PATH=/home/kaiw/Turtlebot3_Sim/turtlebot3_ws/install/dynamixel_sdk_custom_interfaces/lib:/home/kaiw/Turtlebot3_Sim/turtlebot3_ws/install/dynamixel_sdk/lib:${LD_LIBRARY_PATH} PYTHONPATH=/home/kaiw/Turtlebot3_Sim/turtlebot3_ws/install/dynamixel_sdk_custom_interfaces/local/lib/python3.10/dist-packages:${PYTHONPATH} /usr/bin/cmake --install /home/kaiw/Turtlebot3_Sim/turtlebot3_ws/build/dynamixel_sdk_examples
[6.458s] -- Install configuration: ""
[6.458s] -- Installing: /home/kaiw/Turtlebot3_Sim/turtlebot3_ws/install/dynamixel_sdk_examples/lib/dynamixel_sdk_examples/read_write_node
[6.460s] -- Set runtime path of "/home/kaiw/Turtlebot3_Sim/turtlebot3_ws/install/dynamixel_sdk_examples/lib/dynamixel_sdk_examples/read_write_node" to ""
[6.460s] -- Installing: /home/kaiw/Turtlebot3_Sim/turtlebot3_ws/install/dynamixel_sdk_examples/share/ament_index/resource_index/package_run_dependencies/dynamixel_sdk_examples
[6.460s] -- Installing: /home/kaiw/Turtlebot3_Sim/turtlebot3_ws/install/dynamixel_sdk_examples/share/ament_index/resource_index/parent_prefix_path/dynamixel_sdk_examples
[6.460s] -- Installing: /home/kaiw/Turtlebot3_Sim/turtlebot3_ws/install/dynamixel_sdk_examples/share/dynamixel_sdk_examples/environment/ament_prefix_path.sh
[6.460s] -- Installing: /home/kaiw/Turtlebot3_Sim/turtlebot3_ws/install/dynamixel_sdk_examples/share/dynamixel_sdk_examples/environment/ament_prefix_path.dsv
[6.460s] -- Installing: /home/kaiw/Turtlebot3_Sim/turtlebot3_ws/install/dynamixel_sdk_examples/share/dynamixel_sdk_examples/environment/path.sh
[6.460s] -- Installing: /home/kaiw/Turtlebot3_Sim/turtlebot3_ws/install/dynamixel_sdk_examples/share/dynamixel_sdk_examples/environment/path.dsv
[6.461s] -- Installing: /home/kaiw/Turtlebot3_Sim/turtlebot3_ws/install/dynamixel_sdk_examples/share/dynamixel_sdk_examples/local_setup.bash
[6.461s] -- Installing: /home/kaiw/Turtlebot3_Sim/turtlebot3_ws/install/dynamixel_sdk_examples/share/dynamixel_sdk_examples/local_setup.sh
[6.461s] -- Installing: /home/kaiw/Turtlebot3_Sim/turtlebot3_ws/install/dynamixel_sdk_examples/share/dynamixel_sdk_examples/local_setup.zsh
[6.461s] -- Installing: /home/kaiw/Turtlebot3_Sim/turtlebot3_ws/install/dynamixel_sdk_examples/share/dynamixel_sdk_examples/local_setup.dsv
[6.461s] -- Installing: /home/kaiw/Turtlebot3_Sim/turtlebot3_ws/install/dynamixel_sdk_examples/share/dynamixel_sdk_examples/package.dsv
[6.461s] -- Installing: /home/kaiw/Turtlebot3_Sim/turtlebot3_ws/install/dynamixel_sdk_examples/share/ament_index/resource_index/packages/dynamixel_sdk_examples
[6.461s] -- Installing: /home/kaiw/Turtlebot3_Sim/turtlebot3_ws/install/dynamixel_sdk_examples/share/dynamixel_sdk_examples/cmake/dynamixel_sdk_examplesConfig.cmake
[6.461s] -- Installing: /home/kaiw/Turtlebot3_Sim/turtlebot3_ws/install/dynamixel_sdk_examples/share/dynamixel_sdk_examples/cmake/dynamixel_sdk_examplesConfig-version.cmake
[6.461s] -- Installing: /home/kaiw/Turtlebot3_Sim/turtlebot3_ws/install/dynamixel_sdk_examples/share/dynamixel_sdk_examples/package.xml
[6.464s] Invoked command in '/home/kaiw/Turtlebot3_Sim/turtlebot3_ws/build/dynamixel_sdk_examples' returned '0': AMENT_PREFIX_PATH=/home/kaiw/Turtlebot3_Sim/turtlebot3_ws/install/dynamixel_sdk_custom_interfaces:/home/kaiw/Turtlebot3_Sim/turtlebot3_ws/install/dynamixel_sdk:${AMENT_PREFIX_PATH} CMAKE_PREFIX_PATH=/home/kaiw/Turtlebot3_Sim/turtlebot3_ws/install/dynamixel_sdk_custom_interfaces:/home/kaiw/Turtlebot3_Sim/turtlebot3_ws/install/dynamixel_sdk:/opt/ros/humble LD_LIBRARY_PATH=/home/kaiw/Turtlebot3_Sim/turtlebot3_ws/install/dynamixel_sdk_custom_interfaces/lib:/home/kaiw/Turtlebot3_Sim/turtlebot3_ws/install/dynamixel_sdk/lib:${LD_LIBRARY_PATH} PYTHONPATH=/home/kaiw/Turtlebot3_Sim/turtlebot3_ws/install/dynamixel_sdk_custom_interfaces/local/lib/python3.10/dist-packages:${PYTHONPATH} /usr/bin/cmake --install /home/kaiw/Turtlebot3_Sim/turtlebot3_ws/build/dynamixel_sdk_examples
