[0.004s] Invoking command in '/home/kaiw/Turtlebot3_Sim/turtlebot3_ws/build/turtlebot3_simulations': AMENT_PREFIX_PATH=/home/kaiw/Turtlebot3_Sim/turtlebot3_ws/install/turtlebot3_fake_node:/home/kaiw/Turtlebot3_Sim/turtlebot3_ws/install/turtlebot3_msgs:/home/kaiw/Turtlebot3_Sim/turtlebot3_ws/install/turtlebot3_gazebo:${AMENT_PREFIX_PATH} CMAKE_PREFIX_PATH=/home/kaiw/Turtlebot3_Sim/turtlebot3_ws/install/turtlebot3_fake_node:/home/kaiw/Turtlebot3_Sim/turtlebot3_ws/install/turtlebot3_msgs:/home/kaiw/Turtlebot3_Sim/turtlebot3_ws/install/turtlebot3_gazebo:/opt/ros/humble LD_LIBRARY_PATH=/home/kaiw/Turtlebot3_Sim/turtlebot3_ws/install/turtlebot3_msgs/lib:${LD_LIBRARY_PATH} PYTHONPATH=/home/kaiw/Turtlebot3_Sim/turtlebot3_ws/install/turtlebot3_msgs/local/lib/python3.10/dist-packages:${PYTHONPATH} /usr/bin/cmake /home/kaiw/Turtlebot3_Sim/turtlebot3_ws/src/turtlebot3_simulations/turtlebot3_simulations -DCMAKE_INSTALL_PREFIX=/home/kaiw/Turtlebot3_Sim/turtlebot3_ws/install/turtlebot3_simulations
[0.034s] -- The C compiler identification is GNU 11.4.0
[0.060s] -- The CXX compiler identification is GNU 11.4.0
[0.064s] -- Detecting C compiler ABI info
[0.097s] -- Detecting C compiler ABI info - done
[0.101s] -- Check for working C compiler: /usr/bin/cc - skipped
[0.101s] -- Detecting C compile features
[0.101s] -- Detecting C compile features - done
[0.103s] -- Detecting CXX compiler ABI info
[0.142s] -- Detecting CXX compiler ABI info - done
[0.146s] -- Check for working CXX compiler: /usr/bin/c++ - skipped
[0.146s] -- Detecting CXX compile features
[0.146s] -- Detecting CXX compile features - done
[0.149s] -- Found ament_cmake: 1.3.5 (/opt/ros/humble/share/ament_cmake/cmake)
[0.242s] -- Found Python3: /usr/bin/python3.10 (found version "3.10.12") found components: Interpreter 
[0.319s] -- Configuring done
[0.320s] -- Generating done
[0.320s] -- Build files have been written to: /home/kaiw/Turtlebot3_Sim/turtlebot3_ws/build/turtlebot3_simulations
[0.323s] Invoked command in '/home/kaiw/Turtlebot3_Sim/turtlebot3_ws/build/turtlebot3_simulations' returned '0': AMENT_PREFIX_PATH=/home/kaiw/Turtlebot3_Sim/turtlebot3_ws/install/turtlebot3_fake_node:/home/kaiw/Turtlebot3_Sim/turtlebot3_ws/install/turtlebot3_msgs:/home/kaiw/Turtlebot3_Sim/turtlebot3_ws/install/turtlebot3_gazebo:${AMENT_PREFIX_PATH} CMAKE_PREFIX_PATH=/home/kaiw/Turtlebot3_Sim/turtlebot3_ws/install/turtlebot3_fake_node:/home/kaiw/Turtlebot3_Sim/turtlebot3_ws/install/turtlebot3_msgs:/home/kaiw/Turtlebot3_Sim/turtlebot3_ws/install/turtlebot3_gazebo:/opt/ros/humble LD_LIBRARY_PATH=/home/kaiw/Turtlebot3_Sim/turtlebot3_ws/install/turtlebot3_msgs/lib:${LD_LIBRARY_PATH} PYTHONPATH=/home/kaiw/Turtlebot3_Sim/turtlebot3_ws/install/turtlebot3_msgs/local/lib/python3.10/dist-packages:${PYTHONPATH} /usr/bin/cmake /home/kaiw/Turtlebot3_Sim/turtlebot3_ws/src/turtlebot3_simulations/turtlebot3_simulations -DCMAKE_INSTALL_PREFIX=/home/kaiw/Turtlebot3_Sim/turtlebot3_ws/install/turtlebot3_simulations
[0.324s] Invoking command in '/home/kaiw/Turtlebot3_Sim/turtlebot3_ws/build/turtlebot3_simulations': AMENT_PREFIX_PATH=/home/kaiw/Turtlebot3_Sim/turtlebot3_ws/install/turtlebot3_fake_node:/home/kaiw/Turtlebot3_Sim/turtlebot3_ws/install/turtlebot3_msgs:/home/kaiw/Turtlebot3_Sim/turtlebot3_ws/install/turtlebot3_gazebo:${AMENT_PREFIX_PATH} CMAKE_PREFIX_PATH=/home/kaiw/Turtlebot3_Sim/turtlebot3_ws/install/turtlebot3_fake_node:/home/kaiw/Turtlebot3_Sim/turtlebot3_ws/install/turtlebot3_msgs:/home/kaiw/Turtlebot3_Sim/turtlebot3_ws/install/turtlebot3_gazebo:/opt/ros/humble LD_LIBRARY_PATH=/home/kaiw/Turtlebot3_Sim/turtlebot3_ws/install/turtlebot3_msgs/lib:${LD_LIBRARY_PATH} PYTHONPATH=/home/kaiw/Turtlebot3_Sim/turtlebot3_ws/install/turtlebot3_msgs/local/lib/python3.10/dist-packages:${PYTHONPATH} /usr/bin/cmake --build /home/kaiw/Turtlebot3_Sim/turtlebot3_ws/build/turtlebot3_simulations -- -j32 -l32
[0.343s] Invoked command in '/home/kaiw/Turtlebot3_Sim/turtlebot3_ws/build/turtlebot3_simulations' returned '0': AMENT_PREFIX_PATH=/home/kaiw/Turtlebot3_Sim/turtlebot3_ws/install/turtlebot3_fake_node:/home/kaiw/Turtlebot3_Sim/turtlebot3_ws/install/turtlebot3_msgs:/home/kaiw/Turtlebot3_Sim/turtlebot3_ws/install/turtlebot3_gazebo:${AMENT_PREFIX_PATH} CMAKE_PREFIX_PATH=/home/kaiw/Turtlebot3_Sim/turtlebot3_ws/install/turtlebot3_fake_node:/home/kaiw/Turtlebot3_Sim/turtlebot3_ws/install/turtlebot3_msgs:/home/kaiw/Turtlebot3_Sim/turtlebot3_ws/install/turtlebot3_gazebo:/opt/ros/humble LD_LIBRARY_PATH=/home/kaiw/Turtlebot3_Sim/turtlebot3_ws/install/turtlebot3_msgs/lib:${LD_LIBRARY_PATH} PYTHONPATH=/home/kaiw/Turtlebot3_Sim/turtlebot3_ws/install/turtlebot3_msgs/local/lib/python3.10/dist-packages:${PYTHONPATH} /usr/bin/cmake --build /home/kaiw/Turtlebot3_Sim/turtlebot3_ws/build/turtlebot3_simulations -- -j32 -l32
[0.353s] Invoking command in '/home/kaiw/Turtlebot3_Sim/turtlebot3_ws/build/turtlebot3_simulations': AMENT_PREFIX_PATH=/home/kaiw/Turtlebot3_Sim/turtlebot3_ws/install/turtlebot3_fake_node:/home/kaiw/Turtlebot3_Sim/turtlebot3_ws/install/turtlebot3_msgs:/home/kaiw/Turtlebot3_Sim/turtlebot3_ws/install/turtlebot3_gazebo:${AMENT_PREFIX_PATH} CMAKE_PREFIX_PATH=/home/kaiw/Turtlebot3_Sim/turtlebot3_ws/install/turtlebot3_fake_node:/home/kaiw/Turtlebot3_Sim/turtlebot3_ws/install/turtlebot3_msgs:/home/kaiw/Turtlebot3_Sim/turtlebot3_ws/install/turtlebot3_gazebo:/opt/ros/humble LD_LIBRARY_PATH=/home/kaiw/Turtlebot3_Sim/turtlebot3_ws/install/turtlebot3_msgs/lib:${LD_LIBRARY_PATH} PYTHONPATH=/home/kaiw/Turtlebot3_Sim/turtlebot3_ws/install/turtlebot3_msgs/local/lib/python3.10/dist-packages:${PYTHONPATH} /usr/bin/cmake --install /home/kaiw/Turtlebot3_Sim/turtlebot3_ws/build/turtlebot3_simulations
[0.356s] -- Install configuration: ""
[0.356s] -- Installing: /home/kaiw/Turtlebot3_Sim/turtlebot3_ws/install/turtlebot3_simulations/share/ament_index/resource_index/package_run_dependencies/turtlebot3_simulations
[0.356s] -- Installing: /home/kaiw/Turtlebot3_Sim/turtlebot3_ws/install/turtlebot3_simulations/share/ament_index/resource_index/parent_prefix_path/turtlebot3_simulations
[0.357s] -- Installing: /home/kaiw/Turtlebot3_Sim/turtlebot3_ws/install/turtlebot3_simulations/share/turtlebot3_simulations/environment/ament_prefix_path.sh
[0.357s] -- Installing: /home/kaiw/Turtlebot3_Sim/turtlebot3_ws/install/turtlebot3_simulations/share/turtlebot3_simulations/environment/ament_prefix_path.dsv
[0.357s] -- Installing: /home/kaiw/Turtlebot3_Sim/turtlebot3_ws/install/turtlebot3_simulations/share/turtlebot3_simulations/environment/path.sh
[0.357s] -- Installing: /home/kaiw/Turtlebot3_Sim/turtlebot3_ws/install/turtlebot3_simulations/share/turtlebot3_simulations/environment/path.dsv
[0.357s] -- Installing: /home/kaiw/Turtlebot3_Sim/turtlebot3_ws/install/turtlebot3_simulations/share/turtlebot3_simulations/local_setup.bash
[0.357s] -- Installing: /home/kaiw/Turtlebot3_Sim/turtlebot3_ws/install/turtlebot3_simulations/share/turtlebot3_simulations/local_setup.sh
[0.357s] -- Installing: /home/kaiw/Turtlebot3_Sim/turtlebot3_ws/install/turtlebot3_simulations/share/turtlebot3_simulations/local_setup.zsh
[0.357s] -- Installing: /home/kaiw/Turtlebot3_Sim/turtlebot3_ws/install/turtlebot3_simulations/share/turtlebot3_simulations/local_setup.dsv
[0.357s] -- Installing: /home/kaiw/Turtlebot3_Sim/turtlebot3_ws/install/turtlebot3_simulations/share/turtlebot3_simulations/package.dsv
[0.357s] -- Installing: /home/kaiw/Turtlebot3_Sim/turtlebot3_ws/install/turtlebot3_simulations/share/ament_index/resource_index/packages/turtlebot3_simulations
[0.357s] -- Installing: /home/kaiw/Turtlebot3_Sim/turtlebot3_ws/install/turtlebot3_simulations/share/turtlebot3_simulations/cmake/turtlebot3_simulationsConfig.cmake
[0.357s] -- Installing: /home/kaiw/Turtlebot3_Sim/turtlebot3_ws/install/turtlebot3_simulations/share/turtlebot3_simulations/cmake/turtlebot3_simulationsConfig-version.cmake
[0.357s] -- Installing: /home/kaiw/Turtlebot3_Sim/turtlebot3_ws/install/turtlebot3_simulations/share/turtlebot3_simulations/package.xml
[0.358s] Invoked command in '/home/kaiw/Turtlebot3_Sim/turtlebot3_ws/build/turtlebot3_simulations' returned '0': AMENT_PREFIX_PATH=/home/kaiw/Turtlebot3_Sim/turtlebot3_ws/install/turtlebot3_fake_node:/home/kaiw/Turtlebot3_Sim/turtlebot3_ws/install/turtlebot3_msgs:/home/kaiw/Turtlebot3_Sim/turtlebot3_ws/install/turtlebot3_gazebo:${AMENT_PREFIX_PATH} CMAKE_PREFIX_PATH=/home/kaiw/Turtlebot3_Sim/turtlebot3_ws/install/turtlebot3_fake_node:/home/kaiw/Turtlebot3_Sim/turtlebot3_ws/install/turtlebot3_msgs:/home/kaiw/Turtlebot3_Sim/turtlebot3_ws/install/turtlebot3_gazebo:/opt/ros/humble LD_LIBRARY_PATH=/home/kaiw/Turtlebot3_Sim/turtlebot3_ws/install/turtlebot3_msgs/lib:${LD_LIBRARY_PATH} PYTHONPATH=/home/kaiw/Turtlebot3_Sim/turtlebot3_ws/install/turtlebot3_msgs/local/lib/python3.10/dist-packages:${PYTHONPATH} /usr/bin/cmake --install /home/kaiw/Turtlebot3_Sim/turtlebot3_ws/build/turtlebot3_simulations
